

Started GET "/" for ::1 at 2014-12-12 14:50:29 -0800
Processing by Rails::WelcomeController#index as HTML
  Rendered /Users/timothyshull/.rbenv/versions/2.1.5/lib/ruby/gems/2.1.0/gems/railties-4.2.0.rc2/lib/rails/templates/rails/welcome/index.html.erb (1.3ms)
Completed 200 OK in 16ms (Views: 6.6ms | ActiveRecord: 0.0ms)


Started GET "/home" for ::1 at 2014-12-12 14:50:39 -0800
Processing by StaticPagesController#home as HTML
  Rendered static_pages/home.html.erb within layouts/application (0.3ms)
Warning. Error encountered while saving cache d8553dacd42e8f559bef2976e8dfb18c38e75cb2/static_pages.css.scssc: can't dump anonymous class #<Class:0x007f9735313278>

Completed 200 OK in 471ms (Views: 470.7ms | ActiveRecord: 0.0ms)


Started GET "/home" for ::1 at 2014-12-12 14:50:40 -0800
Processing by StaticPagesController#home as HTML
  Rendered static_pages/home.html.erb within layouts/application (0.0ms)
Completed 200 OK in 41ms (Views: 40.4ms | ActiveRecord: 0.0ms)


Started GET "/assets/static_pages.css?body=1" for ::1 at 2014-12-12 14:50:40 -0800


Started GET "/assets/jquery.js?body=1" for ::1 at 2014-12-12 14:50:40 -0800


Started GET "/assets/application.css?body=1" for ::1 at 2014-12-12 14:50:40 -0800


Started GET "/assets/jquery_ujs.js?body=1" for ::1 at 2014-12-12 14:50:40 -0800


Started GET "/assets/application.js?body=1" for ::1 at 2014-12-12 14:50:40 -0800


Started GET "/assets/turbolinks.js?body=1" for ::1 at 2014-12-12 14:50:40 -0800


Started GET "/assets/static_pages.js?body=1" for ::1 at 2014-12-12 14:50:40 -0800


Started GET "/home" for ::1 at 2014-12-12 14:51:07 -0800
DEPRECATION WARNING: Defining a route where `to` is a controller without an action is deprecated. Please change `to: :home` to `controller: :home`. (called from block in <top (required)> at /Users/timothyshull/Programming/WebDev/RubyRails/MyProjects/RailsTutCh3/config/routes.rb:2)

ArgumentError (Missing :action key on routes definition, please check your routes.):
  config/routes.rb:2:in `block in <top (required)>'
  config/routes.rb:1:in `<top (required)>'


  Rendered /Users/timothyshull/.rbenv/versions/2.1.5/lib/ruby/gems/2.1.0/gems/web-console-2.0.0.beta3/lib/action_dispatch/templates/rescues/_source.erb (4.1ms)
  Rendered /Users/timothyshull/.rbenv/versions/2.1.5/lib/ruby/gems/2.1.0/gems/web-console-2.0.0.beta3/lib/action_dispatch/templates/rescues/_trace.html.erb (1.7ms)
  Rendered /Users/timothyshull/.rbenv/versions/2.1.5/lib/ruby/gems/2.1.0/gems/web-console-2.0.0.beta3/lib/action_dispatch/templates/rescues/_request_and_response.html.erb (0.7ms)
  Rendered /Users/timothyshull/.rbenv/versions/2.1.5/lib/ruby/gems/2.1.0/gems/web-console-2.0.0.beta3/lib/action_dispatch/templates/rescues/_web_console.html.erb (0.7ms)
  Rendered /Users/timothyshull/.rbenv/versions/2.1.5/lib/ruby/gems/2.1.0/gems/web-console-2.0.0.beta3/lib/action_dispatch/templates/rescues/diagnostics.html.erb within rescues/layout (19.9ms)


Started GET "/home" for ::1 at 2014-12-12 14:51:24 -0800
DEPRECATION WARNING: Defining a route where `to` is a controller without an action is deprecated. Please change `to: :home` to `controller: :home`. (called from block in <top (required)> at /Users/timothyshull/Programming/WebDev/RubyRails/MyProjects/RailsTutCh3/config/routes.rb:3)

ArgumentError (Missing :action key on routes definition, please check your routes.):
  config/routes.rb:3:in `block in <top (required)>'
  config/routes.rb:1:in `<top (required)>'


  Rendered /Users/timothyshull/.rbenv/versions/2.1.5/lib/ruby/gems/2.1.0/gems/web-console-2.0.0.beta3/lib/action_dispatch/templates/rescues/_source.erb (5.3ms)
  Rendered /Users/timothyshull/.rbenv/versions/2.1.5/lib/ruby/gems/2.1.0/gems/web-console-2.0.0.beta3/lib/action_dispatch/templates/rescues/_trace.html.erb (2.1ms)
  Rendered /Users/timothyshull/.rbenv/versions/2.1.5/lib/ruby/gems/2.1.0/gems/web-console-2.0.0.beta3/lib/action_dispatch/templates/rescues/_request_and_response.html.erb (0.7ms)
  Rendered /Users/timothyshull/.rbenv/versions/2.1.5/lib/ruby/gems/2.1.0/gems/web-console-2.0.0.beta3/lib/action_dispatch/templates/rescues/_web_console.html.erb (0.7ms)
  Rendered /Users/timothyshull/.rbenv/versions/2.1.5/lib/ruby/gems/2.1.0/gems/web-console-2.0.0.beta3/lib/action_dispatch/templates/rescues/diagnostics.html.erb within rescues/layout (24.3ms)


Started GET "/home" for ::1 at 2014-12-12 14:51:26 -0800

ActionController::RoutingError (No route matches [GET] "/home"):
  web-console (2.0.0.beta3) lib/action_dispatch/debug_exceptions.rb:22:in `middleware_call'
  web-console (2.0.0.beta3) lib/action_dispatch/debug_exceptions.rb:13:in `call'
  actionpack (4.2.0.rc2) lib/action_dispatch/middleware/show_exceptions.rb:30:in `call'
  railties (4.2.0.rc2) lib/rails/rack/logger.rb:38:in `call_app'
  railties (4.2.0.rc2) lib/rails/rack/logger.rb:20:in `block in call'
  activesupport (4.2.0.rc2) lib/active_support/tagged_logging.rb:68:in `block in tagged'
  activesupport (4.2.0.rc2) lib/active_support/tagged_logging.rb:26:in `tagged'
  activesupport (4.2.0.rc2) lib/active_support/tagged_logging.rb:68:in `tagged'
  railties (4.2.0.rc2) lib/rails/rack/logger.rb:20:in `call'
  actionpack (4.2.0.rc2) lib/action_dispatch/middleware/request_id.rb:21:in `call'
  rack (1.6.0.beta2) lib/rack/methodoverride.rb:22:in `call'
  rack (1.6.0.beta2) lib/rack/runtime.rb:18:in `call'
  activesupport (4.2.0.rc2) lib/active_support/cache/strategy/local_cache_middleware.rb:28:in `call'
  rack (1.6.0.beta2) lib/rack/lock.rb:17:in `call'
  actionpack (4.2.0.rc2) lib/action_dispatch/middleware/static.rb:113:in `call'
  rack (1.6.0.beta2) lib/rack/sendfile.rb:113:in `call'
  railties (4.2.0.rc2) lib/rails/engine.rb:518:in `call'
  railties (4.2.0.rc2) lib/rails/application.rb:164:in `call'
  rack (1.6.0.beta2) lib/rack/lock.rb:17:in `call'
  rack (1.6.0.beta2) lib/rack/content_length.rb:15:in `call'
  rack (1.6.0.beta2) lib/rack/handler/webrick.rb:89:in `service'
  /Users/timothyshull/.rbenv/versions/2.1.5/lib/ruby/2.1.0/webrick/httpserver.rb:138:in `service'
  /Users/timothyshull/.rbenv/versions/2.1.5/lib/ruby/2.1.0/webrick/httpserver.rb:94:in `run'
  /Users/timothyshull/.rbenv/versions/2.1.5/lib/ruby/2.1.0/webrick/server.rb:295:in `block in start_thread'


  Rendered /Users/timothyshull/.rbenv/versions/2.1.5/lib/ruby/gems/2.1.0/gems/web-console-2.0.0.beta3/lib/action_dispatch/templates/rescues/_trace.html.erb (1.2ms)
  Rendered /Users/timothyshull/.rbenv/versions/2.1.5/lib/ruby/gems/2.1.0/gems/web-console-2.0.0.beta3/lib/action_dispatch/templates/rescues/routing_error.html.erb within rescues/layout (13.2ms)


Started GET "/" for ::1 at 2014-12-12 14:51:29 -0800

ActionController::RoutingError (No route matches [GET] "/"):
  web-console (2.0.0.beta3) lib/action_dispatch/debug_exceptions.rb:22:in `middleware_call'
  web-console (2.0.0.beta3) lib/action_dispatch/debug_exceptions.rb:13:in `call'
  actionpack (4.2.0.rc2) lib/action_dispatch/middleware/show_exceptions.rb:30:in `call'
  railties (4.2.0.rc2) lib/rails/rack/logger.rb:38:in `call_app'
  railties (4.2.0.rc2) lib/rails/rack/logger.rb:20:in `block in call'
  activesupport (4.2.0.rc2) lib/active_support/tagged_logging.rb:68:in `block in tagged'
  activesupport (4.2.0.rc2) lib/active_support/tagged_logging.rb:26:in `tagged'
  activesupport (4.2.0.rc2) lib/active_support/tagged_logging.rb:68:in `tagged'
  railties (4.2.0.rc2) lib/rails/rack/logger.rb:20:in `call'
  actionpack (4.2.0.rc2) lib/action_dispatch/middleware/request_id.rb:21:in `call'
  rack (1.6.0.beta2) lib/rack/methodoverride.rb:22:in `call'
  rack (1.6.0.beta2) lib/rack/runtime.rb:18:in `call'
  activesupport (4.2.0.rc2) lib/active_support/cache/strategy/local_cache_middleware.rb:28:in `call'
  rack (1.6.0.beta2) lib/rack/lock.rb:17:in `call'
  actionpack (4.2.0.rc2) lib/action_dispatch/middleware/static.rb:113:in `call'
  rack (1.6.0.beta2) lib/rack/sendfile.rb:113:in `call'
  railties (4.2.0.rc2) lib/rails/engine.rb:518:in `call'
  railties (4.2.0.rc2) lib/rails/application.rb:164:in `call'
  rack (1.6.0.beta2) lib/rack/lock.rb:17:in `call'
  rack (1.6.0.beta2) lib/rack/content_length.rb:15:in `call'
  rack (1.6.0.beta2) lib/rack/handler/webrick.rb:89:in `service'
  /Users/timothyshull/.rbenv/versions/2.1.5/lib/ruby/2.1.0/webrick/httpserver.rb:138:in `service'
  /Users/timothyshull/.rbenv/versions/2.1.5/lib/ruby/2.1.0/webrick/httpserver.rb:94:in `run'
  /Users/timothyshull/.rbenv/versions/2.1.5/lib/ruby/2.1.0/webrick/server.rb:295:in `block in start_thread'


  Rendered /Users/timothyshull/.rbenv/versions/2.1.5/lib/ruby/gems/2.1.0/gems/web-console-2.0.0.beta3/lib/action_dispatch/templates/rescues/_trace.html.erb (1.2ms)
  Rendered /Users/timothyshull/.rbenv/versions/2.1.5/lib/ruby/gems/2.1.0/gems/web-console-2.0.0.beta3/lib/action_dispatch/templates/rescues/routing_error.html.erb within rescues/layout (11.3ms)


Started GET "/" for ::1 at 2014-12-12 14:52:04 -0800
Processing by StaticPagesController#home as HTML
  Rendered static_pages/home.html.erb within layouts/application (0.0ms)
Completed 200 OK in 48ms (Views: 47.4ms | ActiveRecord: 0.0ms)


Started GET "/assets/jquery_ujs.js?body=1" for ::1 at 2014-12-12 14:52:05 -0800


Started GET "/assets/jquery.js?body=1" for ::1 at 2014-12-12 14:52:05 -0800


Started GET "/assets/turbolinks.js?body=1" for ::1 at 2014-12-12 14:52:05 -0800


Started GET "/assets/static_pages.css?body=1" for ::1 at 2014-12-12 14:52:05 -0800


Started GET "/assets/application.css?body=1" for ::1 at 2014-12-12 14:52:05 -0800


Started GET "/assets/static_pages.js?body=1" for ::1 at 2014-12-12 14:52:05 -0800


Started GET "/assets/application.js?body=1" for ::1 at 2014-12-12 14:52:05 -0800


Started GET "/home" for ::1 at 2014-12-12 14:52:10 -0800
Processing by StaticPagesController#home as HTML
  Rendered static_pages/home.html.erb within layouts/application (0.0ms)
Completed 200 OK in 47ms (Views: 46.7ms | ActiveRecord: 0.0ms)


Started GET "/assets/static_pages.css?body=1" for ::1 at 2014-12-12 14:52:10 -0800


Started GET "/assets/application.css?body=1" for ::1 at 2014-12-12 14:52:10 -0800


Started GET "/assets/jquery.js?body=1" for ::1 at 2014-12-12 14:52:10 -0800


Started GET "/assets/jquery_ujs.js?body=1" for ::1 at 2014-12-12 14:52:10 -0800


Started GET "/assets/application.js?body=1" for ::1 at 2014-12-12 14:52:10 -0800


Started GET "/assets/static_pages.js?body=1" for ::1 at 2014-12-12 14:52:10 -0800


Started GET "/assets/turbolinks.js?body=1" for ::1 at 2014-12-12 14:52:10 -0800


Started GET "/home" for ::1 at 2014-12-12 14:59:33 -0800
Processing by StaticPagesController#home as HTML
  Rendered static_pages/home.html.erb within layouts/application (1.4ms)
Completed 200 OK in 87ms (Views: 80.5ms | ActiveRecord: 0.0ms)


Started GET "/assets/application.css?body=1" for ::1 at 2014-12-12 14:59:33 -0800


Started GET "/assets/static_pages.css?body=1" for ::1 at 2014-12-12 14:59:33 -0800


Started GET "/assets/jquery_ujs.js?body=1" for ::1 at 2014-12-12 14:59:33 -0800


Started GET "/assets/static_pages.js?body=1" for ::1 at 2014-12-12 14:59:33 -0800


Started GET "/assets/turbolinks.js?body=1" for ::1 at 2014-12-12 14:59:33 -0800


Started GET "/assets/jquery.js?body=1" for ::1 at 2014-12-12 14:59:33 -0800


Started GET "/assets/application.js?body=1" for ::1 at 2014-12-12 14:59:33 -0800


Started GET "/home" for ::1 at 2014-12-12 15:00:18 -0800
DEPRECATION WARNING: Defining a route where `to` is a controller without an action is deprecated. Please change `to: :static_pages/help` to `controller: :static_pages/help`. (called from block in <top (required)> at /Users/timothyshull/Programming/WebDev/RubyRails/MyProjects/RailsTutCh3/config/routes.rb:6)
DEPRECATION WARNING: Defining a route where `to` is a controller without an action is deprecated. Please change `to: :static_pages/about` to `controller: :static_pages/about`. (called from block in <top (required)> at /Users/timothyshull/Programming/WebDev/RubyRails/MyProjects/RailsTutCh3/config/routes.rb:8)
Processing by StaticPagesController#home as HTML
  Rendered static_pages/home.html.erb within layouts/application (0.1ms)
Completed 200 OK in 45ms (Views: 44.9ms | ActiveRecord: 0.0ms)


Started GET "/assets/static_pages.css?body=1" for ::1 at 2014-12-12 15:00:18 -0800


Started GET "/assets/turbolinks.js?body=1" for ::1 at 2014-12-12 15:00:18 -0800


Started GET "/assets/jquery.js?body=1" for ::1 at 2014-12-12 15:00:18 -0800


Started GET "/assets/static_pages.js?body=1" for ::1 at 2014-12-12 15:00:18 -0800


Started GET "/assets/application.css?body=1" for ::1 at 2014-12-12 15:00:18 -0800


Started GET "/assets/jquery_ujs.js?body=1" for ::1 at 2014-12-12 15:00:18 -0800


Started GET "/assets/application.js?body=1" for ::1 at 2014-12-12 15:00:18 -0800


Started GET "/help" for ::1 at 2014-12-12 15:00:23 -0800

ActionController::RoutingError (uninitialized constant StaticPages):
  activesupport (4.2.0.rc2) lib/active_support/inflector/methods.rb:261:in `const_get'
  activesupport (4.2.0.rc2) lib/active_support/inflector/methods.rb:261:in `block in constantize'
  activesupport (4.2.0.rc2) lib/active_support/inflector/methods.rb:259:in `each'
  activesupport (4.2.0.rc2) lib/active_support/inflector/methods.rb:259:in `inject'
  activesupport (4.2.0.rc2) lib/active_support/inflector/methods.rb:259:in `constantize'
  actionpack (4.2.0.rc2) lib/action_dispatch/routing/route_set.rb:69:in `controller_reference'
  actionpack (4.2.0.rc2) lib/action_dispatch/routing/route_set.rb:59:in `controller'
  actionpack (4.2.0.rc2) lib/action_dispatch/routing/route_set.rb:38:in `serve'
  actionpack (4.2.0.rc2) lib/action_dispatch/journey/router.rb:43:in `block in serve'
  actionpack (4.2.0.rc2) lib/action_dispatch/journey/router.rb:30:in `each'
  actionpack (4.2.0.rc2) lib/action_dispatch/journey/router.rb:30:in `serve'
  actionpack (4.2.0.rc2) lib/action_dispatch/routing/route_set.rb:802:in `call'
  rack (1.6.0.beta2) lib/rack/etag.rb:24:in `call'
  rack (1.6.0.beta2) lib/rack/conditionalget.rb:25:in `call'
  rack (1.6.0.beta2) lib/rack/head.rb:13:in `call'
  actionpack (4.2.0.rc2) lib/action_dispatch/middleware/params_parser.rb:27:in `call'
  actionpack (4.2.0.rc2) lib/action_dispatch/middleware/flash.rb:260:in `call'
  rack (1.6.0.beta2) lib/rack/session/abstract/id.rb:225:in `context'
  rack (1.6.0.beta2) lib/rack/session/abstract/id.rb:220:in `call'
  actionpack (4.2.0.rc2) lib/action_dispatch/middleware/cookies.rb:560:in `call'
  activerecord (4.2.0.rc2) lib/active_record/query_cache.rb:36:in `call'
  activerecord (4.2.0.rc2) lib/active_record/connection_adapters/abstract/connection_pool.rb:647:in `call'
  activerecord (4.2.0.rc2) lib/active_record/migration.rb:378:in `call'
  actionpack (4.2.0.rc2) lib/action_dispatch/middleware/callbacks.rb:29:in `block in call'
  activesupport (4.2.0.rc2) lib/active_support/callbacks.rb:88:in `call'
  activesupport (4.2.0.rc2) lib/active_support/callbacks.rb:88:in `_run_callbacks'
  activesupport (4.2.0.rc2) lib/active_support/callbacks.rb:734:in `_run_call_callbacks'
  activesupport (4.2.0.rc2) lib/active_support/callbacks.rb:81:in `run_callbacks'
  actionpack (4.2.0.rc2) lib/action_dispatch/middleware/callbacks.rb:27:in `call'
  actionpack (4.2.0.rc2) lib/action_dispatch/middleware/reloader.rb:73:in `call'
  actionpack (4.2.0.rc2) lib/action_dispatch/middleware/remote_ip.rb:78:in `call'
  web-console (2.0.0.beta3) lib/action_dispatch/debug_exceptions.rb:18:in `middleware_call'
  web-console (2.0.0.beta3) lib/action_dispatch/debug_exceptions.rb:13:in `call'
  actionpack (4.2.0.rc2) lib/action_dispatch/middleware/show_exceptions.rb:30:in `call'
  railties (4.2.0.rc2) lib/rails/rack/logger.rb:38:in `call_app'
  railties (4.2.0.rc2) lib/rails/rack/logger.rb:20:in `block in call'
  activesupport (4.2.0.rc2) lib/active_support/tagged_logging.rb:68:in `block in tagged'
  activesupport (4.2.0.rc2) lib/active_support/tagged_logging.rb:26:in `tagged'
  activesupport (4.2.0.rc2) lib/active_support/tagged_logging.rb:68:in `tagged'
  railties (4.2.0.rc2) lib/rails/rack/logger.rb:20:in `call'
  actionpack (4.2.0.rc2) lib/action_dispatch/middleware/request_id.rb:21:in `call'
  rack (1.6.0.beta2) lib/rack/methodoverride.rb:22:in `call'
  rack (1.6.0.beta2) lib/rack/runtime.rb:18:in `call'
  activesupport (4.2.0.rc2) lib/active_support/cache/strategy/local_cache_middleware.rb:28:in `call'
  rack (1.6.0.beta2) lib/rack/lock.rb:17:in `call'
  actionpack (4.2.0.rc2) lib/action_dispatch/middleware/static.rb:113:in `call'
  rack (1.6.0.beta2) lib/rack/sendfile.rb:113:in `call'
  railties (4.2.0.rc2) lib/rails/engine.rb:518:in `call'
  railties (4.2.0.rc2) lib/rails/application.rb:164:in `call'
  rack (1.6.0.beta2) lib/rack/lock.rb:17:in `call'
  rack (1.6.0.beta2) lib/rack/content_length.rb:15:in `call'
  rack (1.6.0.beta2) lib/rack/handler/webrick.rb:89:in `service'
  /Users/timothyshull/.rbenv/versions/2.1.5/lib/ruby/2.1.0/webrick/httpserver.rb:138:in `service'
  /Users/timothyshull/.rbenv/versions/2.1.5/lib/ruby/2.1.0/webrick/httpserver.rb:94:in `run'
  /Users/timothyshull/.rbenv/versions/2.1.5/lib/ruby/2.1.0/webrick/server.rb:295:in `block in start_thread'


  Rendered /Users/timothyshull/.rbenv/versions/2.1.5/lib/ruby/gems/2.1.0/gems/web-console-2.0.0.beta3/lib/action_dispatch/templates/rescues/_trace.html.erb (1.5ms)
  Rendered /Users/timothyshull/.rbenv/versions/2.1.5/lib/ruby/gems/2.1.0/gems/web-console-2.0.0.beta3/lib/action_dispatch/templates/rescues/routing_error.html.erb within rescues/layout (16.5ms)


Started GET "/help" for ::1 at 2014-12-12 15:00:47 -0800
Processing by StaticPagesController#help as HTML
  Rendered static_pages/help.html.erb within layouts/application (0.3ms)
Completed 200 OK in 61ms (Views: 60.1ms | ActiveRecord: 0.0ms)


Started GET "/assets/static_pages.css?body=1" for ::1 at 2014-12-12 15:00:47 -0800


Started GET "/assets/application.css?body=1" for ::1 at 2014-12-12 15:00:47 -0800


Started GET "/assets/jquery.js?body=1" for ::1 at 2014-12-12 15:00:47 -0800


Started GET "/assets/jquery_ujs.js?body=1" for ::1 at 2014-12-12 15:00:47 -0800


Started GET "/assets/turbolinks.js?body=1" for ::1 at 2014-12-12 15:00:47 -0800


Started GET "/assets/static_pages.js?body=1" for ::1 at 2014-12-12 15:00:47 -0800


Started GET "/assets/application.js?body=1" for ::1 at 2014-12-12 15:00:47 -0800


Started GET "/about" for ::1 at 2014-12-12 15:00:52 -0800
Processing by StaticPagesController#about as HTML
  Rendered static_pages/about.html.erb within layouts/application (0.4ms)
Completed 200 OK in 48ms (Views: 48.0ms | ActiveRecord: 0.0ms)


Started GET "/assets/static_pages.css?body=1" for ::1 at 2014-12-12 15:00:52 -0800


Started GET "/assets/static_pages.js?body=1" for ::1 at 2014-12-12 15:00:52 -0800


Started GET "/assets/jquery.js?body=1" for ::1 at 2014-12-12 15:00:52 -0800


Started GET "/assets/turbolinks.js?body=1" for ::1 at 2014-12-12 15:00:52 -0800


Started GET "/assets/jquery_ujs.js?body=1" for ::1 at 2014-12-12 15:00:52 -0800


Started GET "/assets/application.css?body=1" for ::1 at 2014-12-12 15:00:52 -0800


Started GET "/assets/application.js?body=1" for ::1 at 2014-12-12 15:00:52 -0800


Started GET "/" for ::1 at 2014-12-12 17:04:08 -0800

ActiveRecord::PendingMigrationError (

Migrations are pending. To resolve this issue, run:

	bin/rake db:migrate RAILS_ENV=development

):
  activerecord (4.2.0.rc2) lib/active_record/migration.rb:393:in `check_pending!'
  activerecord (4.2.0.rc2) lib/active_record/migration.rb:374:in `call'
  actionpack (4.2.0.rc2) lib/action_dispatch/middleware/callbacks.rb:29:in `block in call'
  activesupport (4.2.0.rc2) lib/active_support/callbacks.rb:88:in `call'
  activesupport (4.2.0.rc2) lib/active_support/callbacks.rb:88:in `_run_callbacks'
  activesupport (4.2.0.rc2) lib/active_support/callbacks.rb:734:in `_run_call_callbacks'
  activesupport (4.2.0.rc2) lib/active_support/callbacks.rb:81:in `run_callbacks'
  actionpack (4.2.0.rc2) lib/action_dispatch/middleware/callbacks.rb:27:in `call'
  actionpack (4.2.0.rc2) lib/action_dispatch/middleware/reloader.rb:73:in `call'
  actionpack (4.2.0.rc2) lib/action_dispatch/middleware/remote_ip.rb:78:in `call'
  web-console (2.0.0.beta3) lib/action_dispatch/debug_exceptions.rb:18:in `middleware_call'
  web-console (2.0.0.beta3) lib/action_dispatch/debug_exceptions.rb:13:in `call'
  actionpack (4.2.0.rc2) lib/action_dispatch/middleware/show_exceptions.rb:30:in `call'
  railties (4.2.0.rc2) lib/rails/rack/logger.rb:38:in `call_app'
  railties (4.2.0.rc2) lib/rails/rack/logger.rb:20:in `block in call'
  activesupport (4.2.0.rc2) lib/active_support/tagged_logging.rb:68:in `block in tagged'
  activesupport (4.2.0.rc2) lib/active_support/tagged_logging.rb:26:in `tagged'
  activesupport (4.2.0.rc2) lib/active_support/tagged_logging.rb:68:in `tagged'
  railties (4.2.0.rc2) lib/rails/rack/logger.rb:20:in `call'
  actionpack (4.2.0.rc2) lib/action_dispatch/middleware/request_id.rb:21:in `call'
  rack (1.6.0.beta2) lib/rack/methodoverride.rb:22:in `call'
  rack (1.6.0.beta2) lib/rack/runtime.rb:18:in `call'
  activesupport (4.2.0.rc2) lib/active_support/cache/strategy/local_cache_middleware.rb:28:in `call'
  rack (1.6.0.beta2) lib/rack/lock.rb:17:in `call'
  actionpack (4.2.0.rc2) lib/action_dispatch/middleware/static.rb:113:in `call'
  rack (1.6.0.beta2) lib/rack/sendfile.rb:113:in `call'
  railties (4.2.0.rc2) lib/rails/engine.rb:518:in `call'
  railties (4.2.0.rc2) lib/rails/application.rb:164:in `call'
  rack (1.6.0.beta2) lib/rack/lock.rb:17:in `call'
  rack (1.6.0.beta2) lib/rack/content_length.rb:15:in `call'
  rack (1.6.0.beta2) lib/rack/handler/webrick.rb:89:in `service'
  /Users/timothyshull/.rbenv/versions/2.1.5/lib/ruby/2.1.0/webrick/httpserver.rb:138:in `service'
  /Users/timothyshull/.rbenv/versions/2.1.5/lib/ruby/2.1.0/webrick/httpserver.rb:94:in `run'
  /Users/timothyshull/.rbenv/versions/2.1.5/lib/ruby/2.1.0/webrick/server.rb:295:in `block in start_thread'


  Rendered /Users/timothyshull/.rbenv/versions/2.1.5/lib/ruby/gems/2.1.0/gems/web-console-2.0.0.beta3/lib/action_dispatch/templates/rescues/_source.erb (2.1ms)
  Rendered /Users/timothyshull/.rbenv/versions/2.1.5/lib/ruby/gems/2.1.0/gems/web-console-2.0.0.beta3/lib/action_dispatch/templates/rescues/_trace.html.erb (1.2ms)
  Rendered /Users/timothyshull/.rbenv/versions/2.1.5/lib/ruby/gems/2.1.0/gems/web-console-2.0.0.beta3/lib/action_dispatch/templates/rescues/_request_and_response.html.erb (0.6ms)
  Rendered /Users/timothyshull/.rbenv/versions/2.1.5/lib/ruby/gems/2.1.0/gems/web-console-2.0.0.beta3/lib/action_dispatch/templates/rescues/_web_console.html.erb (0.6ms)
  Rendered /Users/timothyshull/.rbenv/versions/2.1.5/lib/ruby/gems/2.1.0/gems/web-console-2.0.0.beta3/lib/action_dispatch/templates/rescues/diagnostics.html.erb within rescues/layout (17.5ms)
  [1m[36m (2.3ms)[0m  [1mCREATE TABLE "schema_migrations" ("version" varchar NOT NULL) [0m
  [1m[35m (0.1ms)[0m  select sqlite_version(*)
  [1m[36m (0.9ms)[0m  [1mCREATE UNIQUE INDEX "unique_schema_migrations" ON "schema_migrations" ("version")[0m
  [1m[35mActiveRecord::SchemaMigration Load (0.1ms)[0m  SELECT "schema_migrations".* FROM "schema_migrations"
Migrating to CreateUsers (20141213010103)
  [1m[36m (0.0ms)[0m  [1mbegin transaction[0m
  [1m[35m (0.2ms)[0m  CREATE TABLE "users" ("id" INTEGER PRIMARY KEY AUTOINCREMENT NOT NULL, "created_at" datetime NOT NULL, "updated_at" datetime NOT NULL) 
  [1m[36mSQL (0.1ms)[0m  [1mINSERT INTO "schema_migrations" ("version") VALUES (?)[0m  [["version", "20141213010103"]]
  [1m[35m (0.8ms)[0m  commit transaction
  [1m[36mActiveRecord::SchemaMigration Load (0.1ms)[0m  [1mSELECT "schema_migrations".* FROM "schema_migrations"[0m


Started GET "/" for ::1 at 2014-12-12 17:05:49 -0800
  [1m[36mActiveRecord::SchemaMigration Load (0.1ms)[0m  [1mSELECT "schema_migrations".* FROM "schema_migrations"[0m
Processing by StaticPagesController#home as HTML
  Rendered static_pages/home.html.erb within layouts/application (4.8ms)
Warning. Error encountered while saving cache d8553dacd42e8f559bef2976e8dfb18c38e75cb2/custom.css.scssc: can't dump anonymous class #<Class:0x007f91f5d063b0>

Warning. Error encountered while saving cache 3a18cd0dc0c08e2135ce4669b6883ab933667111/_bootstrap-sprockets.scssc: can't dump anonymous class #<Class:0x007f91f5d063b0>

Warning. Error encountered while saving cache 3a18cd0dc0c08e2135ce4669b6883ab933667111/bootstrap.scssc: can't dump anonymous class #<Class:0x007f91f5d063b0>

Warning. Error encountered while saving cache 03cf03bf4f9ae8ca53a91e2d6b046a5424b1be8d/_variables.scssc: can't dump anonymous class #<Class:0x007f91f5d063b0>

Warning. Error encountered while saving cache 03cf03bf4f9ae8ca53a91e2d6b046a5424b1be8d/_mixins.scssc: can't dump anonymous class #<Class:0x007f91f5d063b0>

Warning. Error encountered while saving cache eb5a9fb2d0bc6cd838de790a8d08084de4890efc/_hide-text.scssc: can't dump anonymous class #<Class:0x007f91f5d063b0>

Warning. Error encountered while saving cache eb5a9fb2d0bc6cd838de790a8d08084de4890efc/_opacity.scssc: can't dump anonymous class #<Class:0x007f91f5d063b0>

Warning. Error encountered while saving cache eb5a9fb2d0bc6cd838de790a8d08084de4890efc/_image.scssc: can't dump anonymous class #<Class:0x007f91f5d063b0>

Warning. Error encountered while saving cache eb5a9fb2d0bc6cd838de790a8d08084de4890efc/_labels.scssc: can't dump anonymous class #<Class:0x007f91f5d063b0>

Warning. Error encountered while saving cache eb5a9fb2d0bc6cd838de790a8d08084de4890efc/_reset-filter.scssc: can't dump anonymous class #<Class:0x007f91f5d063b0>

Warning. Error encountered while saving cache eb5a9fb2d0bc6cd838de790a8d08084de4890efc/_resize.scssc: can't dump anonymous class #<Class:0x007f91f5d063b0>

Warning. Error encountered while saving cache eb5a9fb2d0bc6cd838de790a8d08084de4890efc/_responsive-visibility.scssc: can't dump anonymous class #<Class:0x007f91f5d063b0>

Warning. Error encountered while saving cache eb5a9fb2d0bc6cd838de790a8d08084de4890efc/_size.scssc: can't dump anonymous class #<Class:0x007f91f5d063b0>

Warning. Error encountered while saving cache eb5a9fb2d0bc6cd838de790a8d08084de4890efc/_tab-focus.scssc: can't dump anonymous class #<Class:0x007f91f5d063b0>

Warning. Error encountered while saving cache eb5a9fb2d0bc6cd838de790a8d08084de4890efc/_text-emphasis.scssc: can't dump anonymous class #<Class:0x007f91f5d063b0>

Warning. Error encountered while saving cache eb5a9fb2d0bc6cd838de790a8d08084de4890efc/_text-overflow.scssc: can't dump anonymous class #<Class:0x007f91f5d063b0>

Warning. Error encountered while saving cache eb5a9fb2d0bc6cd838de790a8d08084de4890efc/_vendor-prefixes.scssc: can't dump anonymous class #<Class:0x007f91f5d063b0>

Warning. Error encountered while saving cache eb5a9fb2d0bc6cd838de790a8d08084de4890efc/_alerts.scssc: can't dump anonymous class #<Class:0x007f91f5d063b0>

Warning. Error encountered while saving cache eb5a9fb2d0bc6cd838de790a8d08084de4890efc/_buttons.scssc: can't dump anonymous class #<Class:0x007f91f5d063b0>

Warning. Error encountered while saving cache eb5a9fb2d0bc6cd838de790a8d08084de4890efc/_panels.scssc: can't dump anonymous class #<Class:0x007f91f5d063b0>

Warning. Error encountered while saving cache eb5a9fb2d0bc6cd838de790a8d08084de4890efc/_pagination.scssc: can't dump anonymous class #<Class:0x007f91f5d063b0>

Warning. Error encountered while saving cache eb5a9fb2d0bc6cd838de790a8d08084de4890efc/_list-group.scssc: can't dump anonymous class #<Class:0x007f91f5d063b0>

Warning. Error encountered while saving cache eb5a9fb2d0bc6cd838de790a8d08084de4890efc/_nav-divider.scssc: can't dump anonymous class #<Class:0x007f91f5d063b0>

Warning. Error encountered while saving cache eb5a9fb2d0bc6cd838de790a8d08084de4890efc/_forms.scssc: can't dump anonymous class #<Class:0x007f91f5d063b0>

Warning. Error encountered while saving cache eb5a9fb2d0bc6cd838de790a8d08084de4890efc/_progress-bar.scssc: can't dump anonymous class #<Class:0x007f91f5d063b0>

Warning. Error encountered while saving cache eb5a9fb2d0bc6cd838de790a8d08084de4890efc/_table-row.scssc: can't dump anonymous class #<Class:0x007f91f5d063b0>

Warning. Error encountered while saving cache eb5a9fb2d0bc6cd838de790a8d08084de4890efc/_background-variant.scssc: can't dump anonymous class #<Class:0x007f91f5d063b0>

Warning. Error encountered while saving cache eb5a9fb2d0bc6cd838de790a8d08084de4890efc/_border-radius.scssc: can't dump anonymous class #<Class:0x007f91f5d063b0>

Warning. Error encountered while saving cache eb5a9fb2d0bc6cd838de790a8d08084de4890efc/_gradients.scssc: can't dump anonymous class #<Class:0x007f91f5d063b0>

Warning. Error encountered while saving cache eb5a9fb2d0bc6cd838de790a8d08084de4890efc/_clearfix.scssc: can't dump anonymous class #<Class:0x007f91f5d063b0>

Warning. Error encountered while saving cache eb5a9fb2d0bc6cd838de790a8d08084de4890efc/_center-block.scssc: can't dump anonymous class #<Class:0x007f91f5d063b0>

Warning. Error encountered while saving cache eb5a9fb2d0bc6cd838de790a8d08084de4890efc/_nav-vertical-align.scssc: can't dump anonymous class #<Class:0x007f91f5d063b0>

Warning. Error encountered while saving cache eb5a9fb2d0bc6cd838de790a8d08084de4890efc/_grid-framework.scssc: can't dump anonymous class #<Class:0x007f91f5d063b0>

Warning. Error encountered while saving cache eb5a9fb2d0bc6cd838de790a8d08084de4890efc/_grid.scssc: can't dump anonymous class #<Class:0x007f91f5d063b0>

Warning. Error encountered while saving cache 03cf03bf4f9ae8ca53a91e2d6b046a5424b1be8d/_normalize.scssc: can't dump anonymous class #<Class:0x007f91f5d063b0>

Warning. Error encountered while saving cache 03cf03bf4f9ae8ca53a91e2d6b046a5424b1be8d/_print.scssc: can't dump anonymous class #<Class:0x007f91f5d063b0>

Warning. Error encountered while saving cache 03cf03bf4f9ae8ca53a91e2d6b046a5424b1be8d/_glyphicons.scssc: can't dump anonymous class #<Class:0x007f91f5d063b0>

Warning. Error encountered while saving cache 03cf03bf4f9ae8ca53a91e2d6b046a5424b1be8d/_scaffolding.scssc: can't dump anonymous class #<Class:0x007f91f5d063b0>

Warning. Error encountered while saving cache 03cf03bf4f9ae8ca53a91e2d6b046a5424b1be8d/_type.scssc: can't dump anonymous class #<Class:0x007f91f5d063b0>

Warning. Error encountered while saving cache 03cf03bf4f9ae8ca53a91e2d6b046a5424b1be8d/_code.scssc: can't dump anonymous class #<Class:0x007f91f5d063b0>

Warning. Error encountered while saving cache 03cf03bf4f9ae8ca53a91e2d6b046a5424b1be8d/_grid.scssc: can't dump anonymous class #<Class:0x007f91f5d063b0>

Warning. Error encountered while saving cache 03cf03bf4f9ae8ca53a91e2d6b046a5424b1be8d/_tables.scssc: can't dump anonymous class #<Class:0x007f91f5d063b0>

Warning. Error encountered while saving cache 03cf03bf4f9ae8ca53a91e2d6b046a5424b1be8d/_forms.scssc: can't dump anonymous class #<Class:0x007f91f5d063b0>

Warning. Error encountered while saving cache 03cf03bf4f9ae8ca53a91e2d6b046a5424b1be8d/_buttons.scssc: can't dump anonymous class #<Class:0x007f91f5d063b0>

Warning. Error encountered while saving cache 03cf03bf4f9ae8ca53a91e2d6b046a5424b1be8d/_component-animations.scssc: can't dump anonymous class #<Class:0x007f91f5d063b0>

Warning. Error encountered while saving cache 03cf03bf4f9ae8ca53a91e2d6b046a5424b1be8d/_dropdowns.scssc: can't dump anonymous class #<Class:0x007f91f5d063b0>

Warning. Error encountered while saving cache 03cf03bf4f9ae8ca53a91e2d6b046a5424b1be8d/_button-groups.scssc: can't dump anonymous class #<Class:0x007f91f5d063b0>

Warning. Error encountered while saving cache 03cf03bf4f9ae8ca53a91e2d6b046a5424b1be8d/_input-groups.scssc: can't dump anonymous class #<Class:0x007f91f5d063b0>

Warning. Error encountered while saving cache 03cf03bf4f9ae8ca53a91e2d6b046a5424b1be8d/_navs.scssc: can't dump anonymous class #<Class:0x007f91f5d063b0>

Warning. Error encountered while saving cache 03cf03bf4f9ae8ca53a91e2d6b046a5424b1be8d/_navbar.scssc: can't dump anonymous class #<Class:0x007f91f5d063b0>

Warning. Error encountered while saving cache 03cf03bf4f9ae8ca53a91e2d6b046a5424b1be8d/_breadcrumbs.scssc: can't dump anonymous class #<Class:0x007f91f5d063b0>

Warning. Error encountered while saving cache 03cf03bf4f9ae8ca53a91e2d6b046a5424b1be8d/_pagination.scssc: can't dump anonymous class #<Class:0x007f91f5d063b0>

Warning. Error encountered while saving cache 03cf03bf4f9ae8ca53a91e2d6b046a5424b1be8d/_pager.scssc: can't dump anonymous class #<Class:0x007f91f5d063b0>

Warning. Error encountered while saving cache 03cf03bf4f9ae8ca53a91e2d6b046a5424b1be8d/_labels.scssc: can't dump anonymous class #<Class:0x007f91f5d063b0>

Warning. Error encountered while saving cache 03cf03bf4f9ae8ca53a91e2d6b046a5424b1be8d/_badges.scssc: can't dump anonymous class #<Class:0x007f91f5d063b0>

Warning. Error encountered while saving cache 03cf03bf4f9ae8ca53a91e2d6b046a5424b1be8d/_jumbotron.scssc: can't dump anonymous class #<Class:0x007f91f5d063b0>

Warning. Error encountered while saving cache 03cf03bf4f9ae8ca53a91e2d6b046a5424b1be8d/_thumbnails.scssc: can't dump anonymous class #<Class:0x007f91f5d063b0>

Warning. Error encountered while saving cache 03cf03bf4f9ae8ca53a91e2d6b046a5424b1be8d/_alerts.scssc: can't dump anonymous class #<Class:0x007f91f5d063b0>

Warning. Error encountered while saving cache 03cf03bf4f9ae8ca53a91e2d6b046a5424b1be8d/_progress-bars.scssc: can't dump anonymous class #<Class:0x007f91f5d063b0>

Warning. Error encountered while saving cache 03cf03bf4f9ae8ca53a91e2d6b046a5424b1be8d/_media.scssc: can't dump anonymous class #<Class:0x007f91f5d063b0>

Warning. Error encountered while saving cache 03cf03bf4f9ae8ca53a91e2d6b046a5424b1be8d/_list-group.scssc: can't dump anonymous class #<Class:0x007f91f5d063b0>

Warning. Error encountered while saving cache 03cf03bf4f9ae8ca53a91e2d6b046a5424b1be8d/_panels.scssc: can't dump anonymous class #<Class:0x007f91f5d063b0>

Warning. Error encountered while saving cache 03cf03bf4f9ae8ca53a91e2d6b046a5424b1be8d/_responsive-embed.scssc: can't dump anonymous class #<Class:0x007f91f5d063b0>

Warning. Error encountered while saving cache 03cf03bf4f9ae8ca53a91e2d6b046a5424b1be8d/_wells.scssc: can't dump anonymous class #<Class:0x007f91f5d063b0>

Warning. Error encountered while saving cache 03cf03bf4f9ae8ca53a91e2d6b046a5424b1be8d/_close.scssc: can't dump anonymous class #<Class:0x007f91f5d063b0>

Warning. Error encountered while saving cache 03cf03bf4f9ae8ca53a91e2d6b046a5424b1be8d/_modals.scssc: can't dump anonymous class #<Class:0x007f91f5d063b0>

Warning. Error encountered while saving cache 03cf03bf4f9ae8ca53a91e2d6b046a5424b1be8d/_tooltip.scssc: can't dump anonymous class #<Class:0x007f91f5d063b0>

Warning. Error encountered while saving cache 03cf03bf4f9ae8ca53a91e2d6b046a5424b1be8d/_popovers.scssc: can't dump anonymous class #<Class:0x007f91f5d063b0>

Warning. Error encountered while saving cache 03cf03bf4f9ae8ca53a91e2d6b046a5424b1be8d/_carousel.scssc: can't dump anonymous class #<Class:0x007f91f5d063b0>

Warning. Error encountered while saving cache 03cf03bf4f9ae8ca53a91e2d6b046a5424b1be8d/_utilities.scssc: can't dump anonymous class #<Class:0x007f91f5d063b0>

Warning. Error encountered while saving cache 03cf03bf4f9ae8ca53a91e2d6b046a5424b1be8d/_responsive-utilities.scssc: can't dump anonymous class #<Class:0x007f91f5d063b0>

Warning. Error encountered while saving cache d8553dacd42e8f559bef2976e8dfb18c38e75cb2/scaffolds.css.scssc: can't dump anonymous class #<Class:0x007f91f5d063b0>

Warning. Error encountered while saving cache d8553dacd42e8f559bef2976e8dfb18c38e75cb2/users.css.scssc: can't dump anonymous class #<Class:0x007f91f5d063b0>

  Rendered layouts/_shim.html.erb (0.3ms)
  Rendered layouts/_header.html.erb (0.9ms)
  Rendered layouts/_footer.html.erb (0.6ms)
Completed 200 OK in 2135ms (Views: 2127.5ms | ActiveRecord: 0.0ms)


Started GET "/assets/custom.css?body=1" for ::1 at 2014-12-12 17:05:51 -0800


Started GET "/assets/static_pages.css?body=1" for ::1 at 2014-12-12 17:05:51 -0800


Started GET "/assets/scaffolds.css?body=1" for ::1 at 2014-12-12 17:05:51 -0800


Started GET "/assets/application.css?body=1" for ::1 at 2014-12-12 17:05:51 -0800


Started GET "/assets/users.css?body=1" for ::1 at 2014-12-12 17:05:51 -0800


Started GET "/assets/jquery.js?body=1" for ::1 at 2014-12-12 17:05:51 -0800


Started GET "/assets/jquery_ujs.js?body=1" for ::1 at 2014-12-12 17:05:51 -0800


Started GET "/assets/turbolinks.js?body=1" for ::1 at 2014-12-12 17:05:51 -0800


Started GET "/assets/static_pages.js?body=1" for ::1 at 2014-12-12 17:05:51 -0800


Started GET "/assets/application.js?body=1" for ::1 at 2014-12-12 17:05:51 -0800


Started GET "/assets/users.js?body=1" for ::1 at 2014-12-12 17:05:51 -0800


Started GET "/assets/rails.png" for ::1 at 2014-12-12 17:05:51 -0800


Started GET "/" for ::1 at 2014-12-12 17:05:57 -0800
Processing by StaticPagesController#home as HTML
  Rendered static_pages/home.html.erb within layouts/application (1.1ms)
  Rendered layouts/_shim.html.erb (0.3ms)
  Rendered layouts/_header.html.erb (0.5ms)
  Rendered layouts/_footer.html.erb (0.4ms)
Completed 200 OK in 116ms (Views: 115.2ms | ActiveRecord: 0.0ms)


Started GET "/help" for ::1 at 2014-12-12 17:05:58 -0800
Processing by StaticPagesController#help as HTML
  Rendered static_pages/help.html.erb within layouts/application (0.4ms)
  Rendered layouts/_shim.html.erb (0.1ms)
  Rendered layouts/_header.html.erb (0.3ms)
  Rendered layouts/_footer.html.erb (0.1ms)
Completed 200 OK in 110ms (Views: 109.6ms | ActiveRecord: 0.0ms)


Started GET "/help" for ::1 at 2014-12-12 17:06:03 -0800
Processing by StaticPagesController#help as HTML
  Rendered static_pages/help.html.erb within layouts/application (0.1ms)
  Rendered layouts/_shim.html.erb (0.0ms)
  Rendered layouts/_header.html.erb (0.2ms)
  Rendered layouts/_footer.html.erb (0.1ms)
Completed 200 OK in 98ms (Views: 97.1ms | ActiveRecord: 0.0ms)


Started GET "/help" for ::1 at 2014-12-12 17:06:04 -0800
Processing by StaticPagesController#help as HTML
  Rendered static_pages/help.html.erb within layouts/application (0.1ms)
  Rendered layouts/_shim.html.erb (0.0ms)
  Rendered layouts/_header.html.erb (0.2ms)
  Rendered layouts/_footer.html.erb (0.1ms)
Completed 200 OK in 92ms (Views: 91.5ms | ActiveRecord: 0.0ms)


Started GET "/" for ::1 at 2014-12-12 17:06:05 -0800
Processing by StaticPagesController#home as HTML
  Rendered static_pages/home.html.erb within layouts/application (0.4ms)
  Rendered layouts/_shim.html.erb (0.0ms)
  Rendered layouts/_header.html.erb (0.2ms)
  Rendered layouts/_footer.html.erb (0.1ms)
Completed 200 OK in 103ms (Views: 102.3ms | ActiveRecord: 0.0ms)


Started GET "/about" for ::1 at 2014-12-12 17:06:08 -0800
Processing by StaticPagesController#about as HTML
  Rendered static_pages/about.html.erb within layouts/application (0.4ms)
  Rendered layouts/_shim.html.erb (0.0ms)
  Rendered layouts/_header.html.erb (0.4ms)
  Rendered layouts/_footer.html.erb (3.1ms)
Completed 200 OK in 98ms (Views: 97.7ms | ActiveRecord: 0.0ms)


Started GET "/contact" for ::1 at 2014-12-12 17:06:11 -0800
Processing by StaticPagesController#contact as HTML
  Rendered static_pages/contact.html.erb within layouts/application (0.4ms)
  Rendered layouts/_shim.html.erb (0.0ms)
  Rendered layouts/_header.html.erb (0.2ms)
  Rendered layouts/_footer.html.erb (0.1ms)
Completed 200 OK in 98ms (Views: 97.3ms | ActiveRecord: 0.0ms)


Started GET "/" for ::1 at 2014-12-12 17:06:16 -0800
Processing by StaticPagesController#home as HTML
  Rendered static_pages/home.html.erb within layouts/application (0.3ms)
  Rendered layouts/_shim.html.erb (0.0ms)
  Rendered layouts/_header.html.erb (0.2ms)
  Rendered layouts/_footer.html.erb (0.1ms)
Completed 200 OK in 86ms (Views: 85.5ms | ActiveRecord: 0.0ms)


Started GET "/signup" for ::1 at 2014-12-12 17:06:18 -0800
Processing by UsersController#new as HTML
  Rendered users/_form.html.erb (14.2ms)
  Rendered users/new.html.erb within layouts/application (16.0ms)
  Rendered layouts/_shim.html.erb (0.0ms)
  Rendered layouts/_header.html.erb (0.2ms)
  Rendered layouts/_footer.html.erb (0.1ms)
Completed 200 OK in 126ms (Views: 121.8ms | ActiveRecord: 0.4ms)


Started POST "/users" for ::1 at 2014-12-12 17:06:22 -0800
Processing by UsersController#create as HTML
  Parameters: {"utf8"=>"âœ“", "authenticity_token"=>"pvqfDienPepFpo8G0OOoi0B9tAXzEhNWZA3T9Ne3FVUhsMhqWSrDSJPiPuhmLU3rnlHv0FgwQknhm1273ddUWg==", "commit"=>"Create User"}
  [1m[35m (0.2ms)[0m  begin transaction
  [1m[36mSQL (0.4ms)[0m  [1mINSERT INTO "users" ("created_at", "updated_at") VALUES (?, ?)[0m  [["created_at", "2014-12-13 01:06:22.228618"], ["updated_at", "2014-12-13 01:06:22.228618"]]
  [1m[35m (1.8ms)[0m  commit transaction
Redirected to http://localhost:3000/users/1
Completed 302 Found in 9ms (ActiveRecord: 2.4ms)


Started GET "/users/1" for ::1 at 2014-12-12 17:06:22 -0800
Processing by UsersController#show as HTML
  Parameters: {"id"=>"1"}
  [1m[36mUser Load (0.2ms)[0m  [1mSELECT  "users".* FROM "users" WHERE "users"."id" = ? LIMIT 1[0m  [["id", 1]]
  Rendered users/show.html.erb within layouts/application (0.7ms)
  Rendered layouts/_shim.html.erb (0.1ms)
  Rendered layouts/_header.html.erb (0.2ms)
  Rendered layouts/_footer.html.erb (0.1ms)
Completed 200 OK in 95ms (Views: 88.9ms | ActiveRecord: 0.2ms)


Started GET "/assets/scaffolds.css?body=1" for ::1 at 2014-12-12 17:06:22 -0800


Started GET "/assets/static_pages.css?body=1" for ::1 at 2014-12-12 17:06:22 -0800


Started GET "/assets/jquery.js?body=1" for ::1 at 2014-12-12 17:06:22 -0800


Started GET "/assets/application.css?body=1" for ::1 at 2014-12-12 17:06:22 -0800


Started GET "/assets/users.css?body=1" for ::1 at 2014-12-12 17:06:22 -0800


Started GET "/assets/jquery_ujs.js?body=1" for ::1 at 2014-12-12 17:06:22 -0800


Started GET "/assets/turbolinks.js?body=1" for ::1 at 2014-12-12 17:06:22 -0800


Started GET "/assets/users.js?body=1" for ::1 at 2014-12-12 17:06:22 -0800


Started GET "/assets/static_pages.js?body=1" for ::1 at 2014-12-12 17:06:22 -0800


Started GET "/assets/application.js?body=1" for ::1 at 2014-12-12 17:06:22 -0800


Started GET "/users" for ::1 at 2014-12-12 17:06:25 -0800
Processing by UsersController#index as HTML
  [1m[35mUser Load (0.1ms)[0m  SELECT "users".* FROM "users"
  Rendered users/index.html.erb within layouts/application (1.5ms)
  Rendered layouts/_shim.html.erb (0.1ms)
  Rendered layouts/_header.html.erb (0.3ms)
  Rendered layouts/_footer.html.erb (0.2ms)
Completed 200 OK in 101ms (Views: 99.9ms | ActiveRecord: 0.1ms)


Started GET "/users/new" for ::1 at 2014-12-12 17:06:29 -0800
Processing by UsersController#new as HTML
  Rendered users/_form.html.erb (0.9ms)
  Rendered users/new.html.erb within layouts/application (2.1ms)
  Rendered layouts/_shim.html.erb (0.0ms)
  Rendered layouts/_header.html.erb (0.2ms)
  Rendered layouts/_footer.html.erb (0.1ms)
Completed 200 OK in 95ms (Views: 94.7ms | ActiveRecord: 0.0ms)


Started GET "/" for ::1 at 2014-12-12 17:07:24 -0800
Processing by StaticPagesController#home as HTML
  Rendered static_pages/home.html.erb within layouts/application (0.4ms)
  Rendered layouts/_shim.html.erb (0.1ms)
  Rendered layouts/_header.html.erb (0.3ms)
  Rendered layouts/_footer.html.erb (0.2ms)
Completed 200 OK in 115ms (Views: 115.0ms | ActiveRecord: 0.0ms)


Started GET "/assets/rails.png" for ::1 at 2014-12-12 17:07:24 -0800


Started HEAD "/" for 127.0.0.1 at 2014-12-13 14:40:40 -0800
  [1m[36mActiveRecord::SchemaMigration Load (0.5ms)[0m  [1mSELECT "schema_migrations".* FROM "schema_migrations"[0m
Processing by StaticPagesController#home as HTML
  Rendered static_pages/home.html.erb within layouts/application (5.2ms)
  Rendered layouts/_shim.html.erb (0.3ms)
  Rendered layouts/_header.html.erb (0.6ms)
  Rendered layouts/_footer.html.erb (0.5ms)
Completed 200 OK in 270ms (Views: 262.0ms | ActiveRecord: 0.0ms)


Started GET "/" for 127.0.0.1 at 2014-12-13 14:41:07 -0800
Processing by StaticPagesController#home as HTML
  Rendered static_pages/home.html.erb within layouts/application (0.3ms)
  Rendered layouts/_shim.html.erb (0.0ms)
  Rendered layouts/_header.html.erb (0.2ms)
  Rendered layouts/_footer.html.erb (0.1ms)
Completed 200 OK in 84ms (Views: 83.9ms | ActiveRecord: 0.0ms)


Started GET "/assets/custom.css?body=1" for 127.0.0.1 at 2014-12-13 14:41:07 -0800


Started GET "/assets/application.css?body=1" for 127.0.0.1 at 2014-12-13 14:41:07 -0800


Started GET "/assets/scaffolds.css?body=1" for 127.0.0.1 at 2014-12-13 14:41:07 -0800


Started GET "/assets/static_pages.css?body=1" for 127.0.0.1 at 2014-12-13 14:41:07 -0800


Started GET "/assets/users.css?body=1" for 127.0.0.1 at 2014-12-13 14:41:07 -0800


Started GET "/assets/jquery.js?body=1" for 127.0.0.1 at 2014-12-13 14:41:07 -0800


Started GET "/assets/turbolinks.js?body=1" for 127.0.0.1 at 2014-12-13 14:41:07 -0800


Started GET "/assets/static_pages.js?body=1" for 127.0.0.1 at 2014-12-13 14:41:07 -0800


Started GET "/assets/application.js?body=1" for 127.0.0.1 at 2014-12-13 14:41:07 -0800


Started GET "/assets/jquery_ujs.js?body=1" for 127.0.0.1 at 2014-12-13 14:41:07 -0800


Started GET "/assets/users.js?body=1" for 127.0.0.1 at 2014-12-13 14:41:07 -0800


Started GET "/assets/rails.png" for 127.0.0.1 at 2014-12-13 14:41:07 -0800


Started GET "/" for 127.0.0.1 at 2014-12-13 14:41:14 -0800
Processing by StaticPagesController#home as HTML
  Rendered static_pages/home.html.erb within layouts/application (0.7ms)
  Rendered layouts/_shim.html.erb (0.3ms)
  Rendered layouts/_header.html.erb (0.4ms)
  Rendered layouts/_footer.html.erb (0.3ms)
Completed 200 OK in 93ms (Views: 92.6ms | ActiveRecord: 0.0ms)


Started GET "/help" for 127.0.0.1 at 2014-12-13 14:41:15 -0800
Processing by StaticPagesController#help as HTML
  Rendered static_pages/help.html.erb within layouts/application (0.4ms)
  Rendered layouts/_shim.html.erb (0.0ms)
  Rendered layouts/_header.html.erb (0.3ms)
  Rendered layouts/_footer.html.erb (0.1ms)
Completed 200 OK in 85ms (Views: 84.8ms | ActiveRecord: 0.0ms)


Started GET "/" for 127.0.0.1 at 2014-12-13 14:43:59 -0800
Processing by StaticPagesController#home as HTML
  Rendered static_pages/home.html.erb within layouts/application (0.3ms)
  Rendered layouts/_shim.html.erb (0.0ms)
  Rendered layouts/_header.html.erb (0.2ms)
  Rendered layouts/_footer.html.erb (0.1ms)
Completed 200 OK in 114ms (Views: 113.8ms | ActiveRecord: 0.0ms)


Started GET "/assets/custom.css?body=1" for 127.0.0.1 at 2014-12-13 14:43:59 -0800


Started GET "/assets/static_pages.css?body=1" for 127.0.0.1 at 2014-12-13 14:43:59 -0800


Started GET "/assets/users.css?body=1" for 127.0.0.1 at 2014-12-13 14:43:59 -0800


Started GET "/assets/application.css?body=1" for 127.0.0.1 at 2014-12-13 14:43:59 -0800


Started GET "/assets/jquery.js?body=1" for 127.0.0.1 at 2014-12-13 14:43:59 -0800


Started GET "/assets/jquery_ujs.js?body=1" for 127.0.0.1 at 2014-12-13 14:43:59 -0800


Started GET "/assets/turbolinks.js?body=1" for 127.0.0.1 at 2014-12-13 14:43:59 -0800


Started GET "/assets/static_pages.js?body=1" for 127.0.0.1 at 2014-12-13 14:43:59 -0800


Started GET "/assets/users.js?body=1" for 127.0.0.1 at 2014-12-13 14:43:59 -0800


Started GET "/assets/application.js?body=1" for 127.0.0.1 at 2014-12-13 14:43:59 -0800


Started GET "/assets/scaffolds.css?body=1" for 127.0.0.1 at 2014-12-13 14:43:59 -0800


Started GET "/assets/rails.png" for 127.0.0.1 at 2014-12-13 14:43:59 -0800
  [1m[36mActiveRecord::SchemaMigration Load (0.1ms)[0m  [1mSELECT "schema_migrations".* FROM "schema_migrations"[0m


Started GET "/signup" for 127.0.0.1 at 2014-12-13 14:44:01 -0800
Processing by UsersController#new as HTML
  Rendered users/_form.html.erb (11.3ms)
  Rendered users/new.html.erb within layouts/application (17.8ms)
  Rendered layouts/_shim.html.erb (0.3ms)
  Rendered layouts/_header.html.erb (0.4ms)
  Rendered layouts/_footer.html.erb (0.3ms)
Completed 200 OK in 251ms (Views: 238.7ms | ActiveRecord: 0.4ms)
  [1m[36mActiveRecord::SchemaMigration Load (0.5ms)[0m  [1mSELECT "schema_migrations".* FROM "schema_migrations"[0m


Started GET "/" for ::1 at 2014-12-14 09:15:45 -0800
Processing by StaticPagesController#home as HTML
  Rendered static_pages/home.html.erb within layouts/application (4.6ms)
  Rendered layouts/_shim.html.erb (0.3ms)
  Rendered layouts/_header.html.erb (0.6ms)
  Rendered layouts/_footer.html.erb (0.5ms)
Completed 200 OK in 219ms (Views: 211.1ms | ActiveRecord: 0.0ms)


Started GET "/assets/custom.css?body=1" for ::1 at 2014-12-14 09:15:46 -0800


Started GET "/assets/scaffolds.css?body=1" for ::1 at 2014-12-14 09:15:46 -0800


Started GET "/assets/static_pages.css?body=1" for ::1 at 2014-12-14 09:15:46 -0800


Started GET "/assets/application.css?body=1" for ::1 at 2014-12-14 09:15:46 -0800


Started GET "/assets/jquery.js?body=1" for ::1 at 2014-12-14 09:15:46 -0800


Started GET "/assets/jquery_ujs.js?body=1" for ::1 at 2014-12-14 09:15:46 -0800


Started GET "/assets/turbolinks.js?body=1" for ::1 at 2014-12-14 09:15:46 -0800


Started GET "/assets/static_pages.js?body=1" for ::1 at 2014-12-14 09:15:46 -0800


Started GET "/assets/application.js?body=1" for ::1 at 2014-12-14 09:15:46 -0800


Started GET "/assets/rails.png" for ::1 at 2014-12-14 09:15:46 -0800


Started GET "/" for ::1 at 2014-12-14 09:15:52 -0800
Processing by StaticPagesController#home as HTML
  Rendered static_pages/home.html.erb within layouts/application (0.3ms)
  Rendered layouts/_shim.html.erb (0.0ms)
  Rendered layouts/_header.html.erb (0.2ms)
  Rendered layouts/_footer.html.erb (0.1ms)
Completed 200 OK in 72ms (Views: 71.4ms | ActiveRecord: 0.0ms)


Started GET "/assets/custom.css?body=1" for ::1 at 2014-12-14 09:15:52 -0800


Started GET "/assets/application.css?body=1" for ::1 at 2014-12-14 09:15:52 -0800


Started GET "/assets/jquery_ujs.js?body=1" for ::1 at 2014-12-14 09:15:52 -0800


Started GET "/assets/scaffolds.css?body=1" for ::1 at 2014-12-14 09:15:52 -0800


Started GET "/assets/static_pages.css?body=1" for ::1 at 2014-12-14 09:15:52 -0800


Started GET "/assets/jquery.js?body=1" for ::1 at 2014-12-14 09:15:52 -0800


Started GET "/assets/turbolinks.js?body=1" for ::1 at 2014-12-14 09:15:52 -0800


Started GET "/assets/static_pages.js?body=1" for ::1 at 2014-12-14 09:15:52 -0800


Started GET "/assets/application.js?body=1" for ::1 at 2014-12-14 09:15:52 -0800


Started GET "/assets/rails.png" for ::1 at 2014-12-14 09:15:52 -0800
  [1m[36mActiveRecord::SchemaMigration Load (0.1ms)[0m  [1mSELECT "schema_migrations".* FROM "schema_migrations"[0m
Migrating to CreateUsers (20141214172304)
  [1m[35m (0.1ms)[0m  begin transaction
  [1m[36m (0.3ms)[0m  [1mCREATE TABLE "users" ("id" INTEGER PRIMARY KEY AUTOINCREMENT NOT NULL, "name" varchar, "email" varchar, "created_at" datetime NOT NULL, "updated_at" datetime NOT NULL) [0m
SQLite3::SQLException: table "users" already exists: CREATE TABLE "users" ("id" INTEGER PRIMARY KEY AUTOINCREMENT NOT NULL, "name" varchar, "email" varchar, "created_at" datetime NOT NULL, "updated_at" datetime NOT NULL) 
  [1m[35m (0.0ms)[0m  rollback transaction
  [1m[36mActiveRecord::SchemaMigration Load (0.1ms)[0m  [1mSELECT "schema_migrations".* FROM "schema_migrations"[0m
  [1m[35mActiveRecord::SchemaMigration Load (0.1ms)[0m  SELECT "schema_migrations".* FROM "schema_migrations"
  [1m[36mActiveRecord::SchemaMigration Load (0.1ms)[0m  [1mSELECT "schema_migrations".* FROM "schema_migrations"[0m
Migrating to CreateUsers (20141214172304)
  [1m[35m (0.1ms)[0m  begin transaction
  [1m[36m (0.2ms)[0m  [1mCREATE TABLE "users" ("id" INTEGER PRIMARY KEY AUTOINCREMENT NOT NULL, "name" varchar, "email" varchar, "created_at" datetime NOT NULL, "updated_at" datetime NOT NULL) [0m
SQLite3::SQLException: table "users" already exists: CREATE TABLE "users" ("id" INTEGER PRIMARY KEY AUTOINCREMENT NOT NULL, "name" varchar, "email" varchar, "created_at" datetime NOT NULL, "updated_at" datetime NOT NULL) 
  [1m[35m (0.0ms)[0m  rollback transaction
  [1m[36m (0.1ms)[0m  [1mbegin transaction[0m
  [1m[35mSQL (0.9ms)[0m  INSERT INTO "users" ("created_at", "updated_at") VALUES (?, ?)  [["created_at", "2014-12-14 17:41:23.876689"], ["updated_at", "2014-12-14 17:41:23.876689"]]
  [1m[36m (0.6ms)[0m  [1mcommit transaction[0m
  [1m[36m (0.2ms)[0m  [1mbegin transaction[0m
  [1m[35mSQL (0.4ms)[0m  INSERT INTO "users" ("created_at", "updated_at") VALUES (?, ?)  [["created_at", "2014-12-14 17:48:38.542699"], ["updated_at", "2014-12-14 17:48:38.542699"]]
  [1m[36m (3.1ms)[0m  [1mcommit transaction[0m
  [1m[35m (0.1ms)[0m  begin transaction
  [1m[36mSQL (0.4ms)[0m  [1mINSERT INTO "users" ("name", "created_at", "updated_at") VALUES (?, ?, ?)[0m  [["name", "Rob"], ["created_at", "2014-12-14 17:49:50.022554"], ["updated_at", "2014-12-14 17:49:50.022554"]]
  [1m[35m (0.8ms)[0m  commit transaction
  [1m[36m (0.1ms)[0m  [1mbegin transaction[0m
  [1m[35mSQL (0.3ms)[0m  UPDATE "users" SET "email" = ?, "updated_at" = ? WHERE "users"."id" = ?  [["email", "rob@rob.com"], ["updated_at", "2014-12-14 17:51:03.143078"], ["id", 4]]
  [1m[36m (0.7ms)[0m  [1mcommit transaction[0m
  [1m[35m (0.1ms)[0m  begin transaction
  [1m[36mSQL (0.4ms)[0m  [1mUPDATE "users" SET "name" = ?, "email" = ?, "updated_at" = ? WHERE "users"."id" = ?[0m  [["name", "Tim"], ["email", "tim@tim.com"], ["updated_at", "2014-12-14 17:51:08.390957"], ["id", 3]]
  [1m[35m (2.5ms)[0m  commit transaction
  [1m[36mActiveRecord::SchemaMigration Load (0.1ms)[0m  [1mSELECT "schema_migrations".* FROM "schema_migrations"[0m
Migrating to CreateUsers (20141214172304)
  [1m[35m (0.0ms)[0m  begin transaction
  [1m[36m (0.3ms)[0m  [1mCREATE TABLE "users" ("id" INTEGER PRIMARY KEY AUTOINCREMENT NOT NULL, "name" varchar, "email" varchar, "created_at" datetime NOT NULL, "updated_at" datetime NOT NULL) [0m
SQLite3::SQLException: table "users" already exists: CREATE TABLE "users" ("id" INTEGER PRIMARY KEY AUTOINCREMENT NOT NULL, "name" varchar, "email" varchar, "created_at" datetime NOT NULL, "updated_at" datetime NOT NULL) 
  [1m[35m (0.0ms)[0m  rollback transaction
  [1m[36mActiveRecord::SchemaMigration Load (0.1ms)[0m  [1mSELECT "schema_migrations".* FROM "schema_migrations"[0m
Migrating to CreateUsers (20141214172304)
  [1m[35m (0.0ms)[0m  begin transaction
  [1m[36m (0.3ms)[0m  [1mCREATE TABLE "users" ("id" INTEGER PRIMARY KEY AUTOINCREMENT NOT NULL, "name" varchar, "email" varchar, "created_at" datetime NOT NULL, "updated_at" datetime NOT NULL) [0m
SQLite3::SQLException: table "users" already exists: CREATE TABLE "users" ("id" INTEGER PRIMARY KEY AUTOINCREMENT NOT NULL, "name" varchar, "email" varchar, "created_at" datetime NOT NULL, "updated_at" datetime NOT NULL) 
  [1m[35m (0.0ms)[0m  rollback transaction
  [1m[36m (2.6ms)[0m  [1mCREATE TABLE "schema_migrations" ("version" varchar NOT NULL) [0m
  [1m[35m (0.5ms)[0m  select sqlite_version(*)
  [1m[36m (1.0ms)[0m  [1mCREATE UNIQUE INDEX "unique_schema_migrations" ON "schema_migrations" ("version")[0m
  [1m[35mActiveRecord::SchemaMigration Load (0.1ms)[0m  SELECT "schema_migrations".* FROM "schema_migrations"
Migrating to CreateUsers (20141214172304)
  [1m[36m (0.1ms)[0m  [1mbegin transaction[0m
  [1m[35m (0.4ms)[0m  CREATE TABLE "users" ("id" INTEGER PRIMARY KEY AUTOINCREMENT NOT NULL, "name" varchar, "email" varchar, "created_at" datetime NOT NULL, "updated_at" datetime NOT NULL) 
  [1m[36mSQL (0.2ms)[0m  [1mINSERT INTO "schema_migrations" ("version") VALUES (?)[0m  [["version", "20141214172304"]]
  [1m[35m (0.8ms)[0m  commit transaction
Migrating to AddIndexToUsersEmail (20141214181226)
  [1m[36m (0.0ms)[0m  [1mbegin transaction[0m
  [1m[35m (0.2ms)[0m  CREATE UNIQUE INDEX "index_users_on_email" ON "users" ("email")
  [1m[36mSQL (0.1ms)[0m  [1mINSERT INTO "schema_migrations" ("version") VALUES (?)[0m  [["version", "20141214181226"]]
  [1m[35m (0.6ms)[0m  commit transaction
  [1m[36mActiveRecord::SchemaMigration Load (0.1ms)[0m  [1mSELECT "schema_migrations".* FROM "schema_migrations"[0m
  [1m[35m (0.1ms)[0m              SELECT sql
            FROM sqlite_master
            WHERE name='index_users_on_email' AND type='index'
            UNION ALL
            SELECT sql
            FROM sqlite_temp_master
            WHERE name='index_users_on_email' AND type='index'

  [1m[36mActiveRecord::SchemaMigration Load (0.1ms)[0m  [1mSELECT "schema_migrations".* FROM "schema_migrations"[0m
Migrating to AddPasswordDigestToUsers (20141214182324)
  [1m[35m (0.0ms)[0m  begin transaction
  [1m[36m (0.3ms)[0m  [1mALTER TABLE "users" ADD "password_digest" varchar[0m
  [1m[35mSQL (0.1ms)[0m  INSERT INTO "schema_migrations" ("version") VALUES (?)  [["version", "20141214182324"]]
  [1m[36m (3.0ms)[0m  [1mcommit transaction[0m
  [1m[35mActiveRecord::SchemaMigration Load (0.1ms)[0m  SELECT "schema_migrations".* FROM "schema_migrations"
  [1m[36m (0.1ms)[0m  [1m            SELECT sql
            FROM sqlite_master
            WHERE name='index_users_on_email' AND type='index'
            UNION ALL
            SELECT sql
            FROM sqlite_temp_master
            WHERE name='index_users_on_email' AND type='index'
[0m
  [1m[36m (0.1ms)[0m  [1mbegin transaction[0m
  [1m[35mUser Exists (0.2ms)[0m  SELECT  1 AS one FROM "users" WHERE "users"."email" IS NULL LIMIT 1
  [1m[36m (0.0ms)[0m  [1mrollback transaction[0m
  [1m[35m (0.1ms)[0m  begin transaction
  [1m[36mUser Exists (0.2ms)[0m  [1mSELECT  1 AS one FROM "users" WHERE LOWER("users"."email") = LOWER('tim@tim.com') LIMIT 1[0m
  [1m[35m (0.1ms)[0m  rollback transaction
  [1m[36mActiveRecord::SchemaMigration Load (0.1ms)[0m  [1mSELECT "schema_migrations".* FROM "schema_migrations"[0m
Migrating to AddPasswordToUsers (20141214183345)
  [1m[35m (0.0ms)[0m  begin transaction
  [1m[36m (0.3ms)[0m  [1mALTER TABLE "users" ADD "password" varchar[0m
  [1m[35mSQL (0.1ms)[0m  INSERT INTO "schema_migrations" ("version") VALUES (?)  [["version", "20141214183345"]]
  [1m[36m (2.9ms)[0m  [1mcommit transaction[0m
  [1m[35mActiveRecord::SchemaMigration Load (0.1ms)[0m  SELECT "schema_migrations".* FROM "schema_migrations"
  [1m[36m (0.1ms)[0m  [1m            SELECT sql
            FROM sqlite_master
            WHERE name='index_users_on_email' AND type='index'
            UNION ALL
            SELECT sql
            FROM sqlite_temp_master
            WHERE name='index_users_on_email' AND type='index'
[0m
  [1m[36mUser Load (0.2ms)[0m  [1mSELECT  "users".* FROM "users" WHERE "users"."email" = ? LIMIT 1[0m  [["email", "tim@tim.com"]]
  [1m[35m (0.2ms)[0m  begin transaction
  [1m[36mUser Exists (0.1ms)[0m  [1mSELECT  1 AS one FROM "users" WHERE "users"."email" IS NULL LIMIT 1[0m
  [1m[35m (0.1ms)[0m  rollback transaction
  [1m[36m (0.1ms)[0m  [1mbegin transaction[0m
  [1m[35mUser Exists (0.2ms)[0m  SELECT  1 AS one FROM "users" WHERE LOWER("users"."email") = LOWER('tim@tim.com') LIMIT 1
  [1m[36mSQL (0.9ms)[0m  [1mINSERT INTO "users" ("name", "email", "password_digest", "created_at", "updated_at") VALUES (?, ?, ?, ?, ?)[0m  [["name", "Time"], ["email", "tim@tim.com"], ["password_digest", "$2a$10$Ww2vZLl9ixiyUiWGfMNd0.rxXjSL.7zlF86lQCcGHRjEv/iELTdt."], ["created_at", "2014-12-14 18:37:25.057185"], ["updated_at", "2014-12-14 18:37:25.057185"]]
  [1m[35m (2.0ms)[0m  commit transaction
  [1m[36m (3.2ms)[0m  [1mCREATE TABLE "schema_migrations" ("version" varchar NOT NULL) [0m
  [1m[35m (0.1ms)[0m  select sqlite_version(*)
  [1m[36m (1.2ms)[0m  [1mCREATE UNIQUE INDEX "unique_schema_migrations" ON "schema_migrations" ("version")[0m
  [1m[35mActiveRecord::SchemaMigration Load (0.1ms)[0m  SELECT "schema_migrations".* FROM "schema_migrations"
Migrating to CreateUsers (20141214172304)
  [1m[36m (0.1ms)[0m  [1mbegin transaction[0m
  [1m[35m (0.4ms)[0m  CREATE TABLE "users" ("id" INTEGER PRIMARY KEY AUTOINCREMENT NOT NULL, "name" varchar, "email" varchar, "created_at" datetime NOT NULL, "updated_at" datetime NOT NULL) 
  [1m[36mSQL (0.2ms)[0m  [1mINSERT INTO "schema_migrations" ("version") VALUES (?)[0m  [["version", "20141214172304"]]
  [1m[35m (0.8ms)[0m  commit transaction
Migrating to AddIndexToUsersEmail (20141214181226)
  [1m[36m (0.0ms)[0m  [1mbegin transaction[0m
  [1m[35m (0.2ms)[0m  CREATE UNIQUE INDEX "index_users_on_email" ON "users" ("email")
  [1m[36mSQL (0.1ms)[0m  [1mINSERT INTO "schema_migrations" ("version") VALUES (?)[0m  [["version", "20141214181226"]]
  [1m[35m (0.6ms)[0m  commit transaction
Migrating to AddPasswordDigestToUsers (20141214182324)
  [1m[36m (0.1ms)[0m  [1mbegin transaction[0m
  [1m[35m (0.2ms)[0m  ALTER TABLE "users" ADD "password_digest" varchar
  [1m[36mSQL (0.1ms)[0m  [1mINSERT INTO "schema_migrations" ("version") VALUES (?)[0m  [["version", "20141214182324"]]
  [1m[35m (0.7ms)[0m  commit transaction
Migrating to AddPasswordToUsers (20141214183345)
  [1m[36m (0.0ms)[0m  [1mbegin transaction[0m
  [1m[35m (0.2ms)[0m  ALTER TABLE "users" ADD "password" varchar
  [1m[36mSQL (0.1ms)[0m  [1mINSERT INTO "schema_migrations" ("version") VALUES (?)[0m  [["version", "20141214183345"]]
  [1m[35m (0.6ms)[0m  commit transaction
  [1m[36mActiveRecord::SchemaMigration Load (0.1ms)[0m  [1mSELECT "schema_migrations".* FROM "schema_migrations"[0m
  [1m[35m (0.1ms)[0m              SELECT sql
            FROM sqlite_master
            WHERE name='index_users_on_email' AND type='index'
            UNION ALL
            SELECT sql
            FROM sqlite_temp_master
            WHERE name='index_users_on_email' AND type='index'



Started GET "/" for ::1 at 2014-12-14 12:13:22 -0800
  [1m[36mActiveRecord::SchemaMigration Load (0.1ms)[0m  [1mSELECT "schema_migrations".* FROM "schema_migrations"[0m
Processing by StaticPagesController#home as HTML
  Rendered static_pages/home.html.erb within layouts/application (2.5ms)
Warning. Error encountered while saving cache d8553dacd42e8f559bef2976e8dfb18c38e75cb2/custom.css.scssc: can't dump anonymous class #<Class:0x007ff774ad1538>

Warning. Error encountered while saving cache 3a18cd0dc0c08e2135ce4669b6883ab933667111/_bootstrap-sprockets.scssc: can't dump anonymous class #<Class:0x007ff774ad1538>

Warning. Error encountered while saving cache 3a18cd0dc0c08e2135ce4669b6883ab933667111/bootstrap.scssc: can't dump anonymous class #<Class:0x007ff774ad1538>

Warning. Error encountered while saving cache 03cf03bf4f9ae8ca53a91e2d6b046a5424b1be8d/_variables.scssc: can't dump anonymous class #<Class:0x007ff774ad1538>

Warning. Error encountered while saving cache 03cf03bf4f9ae8ca53a91e2d6b046a5424b1be8d/_mixins.scssc: can't dump anonymous class #<Class:0x007ff774ad1538>

Warning. Error encountered while saving cache eb5a9fb2d0bc6cd838de790a8d08084de4890efc/_hide-text.scssc: can't dump anonymous class #<Class:0x007ff774ad1538>

Warning. Error encountered while saving cache eb5a9fb2d0bc6cd838de790a8d08084de4890efc/_opacity.scssc: can't dump anonymous class #<Class:0x007ff774ad1538>

Warning. Error encountered while saving cache eb5a9fb2d0bc6cd838de790a8d08084de4890efc/_image.scssc: can't dump anonymous class #<Class:0x007ff774ad1538>

Warning. Error encountered while saving cache eb5a9fb2d0bc6cd838de790a8d08084de4890efc/_labels.scssc: can't dump anonymous class #<Class:0x007ff774ad1538>

Warning. Error encountered while saving cache eb5a9fb2d0bc6cd838de790a8d08084de4890efc/_reset-filter.scssc: can't dump anonymous class #<Class:0x007ff774ad1538>

Warning. Error encountered while saving cache eb5a9fb2d0bc6cd838de790a8d08084de4890efc/_resize.scssc: can't dump anonymous class #<Class:0x007ff774ad1538>

Warning. Error encountered while saving cache eb5a9fb2d0bc6cd838de790a8d08084de4890efc/_responsive-visibility.scssc: can't dump anonymous class #<Class:0x007ff774ad1538>

Warning. Error encountered while saving cache eb5a9fb2d0bc6cd838de790a8d08084de4890efc/_size.scssc: can't dump anonymous class #<Class:0x007ff774ad1538>

Warning. Error encountered while saving cache eb5a9fb2d0bc6cd838de790a8d08084de4890efc/_tab-focus.scssc: can't dump anonymous class #<Class:0x007ff774ad1538>

Warning. Error encountered while saving cache eb5a9fb2d0bc6cd838de790a8d08084de4890efc/_text-emphasis.scssc: can't dump anonymous class #<Class:0x007ff774ad1538>

Warning. Error encountered while saving cache eb5a9fb2d0bc6cd838de790a8d08084de4890efc/_text-overflow.scssc: can't dump anonymous class #<Class:0x007ff774ad1538>

Warning. Error encountered while saving cache eb5a9fb2d0bc6cd838de790a8d08084de4890efc/_vendor-prefixes.scssc: can't dump anonymous class #<Class:0x007ff774ad1538>

Warning. Error encountered while saving cache eb5a9fb2d0bc6cd838de790a8d08084de4890efc/_alerts.scssc: can't dump anonymous class #<Class:0x007ff774ad1538>

Warning. Error encountered while saving cache eb5a9fb2d0bc6cd838de790a8d08084de4890efc/_buttons.scssc: can't dump anonymous class #<Class:0x007ff774ad1538>

Warning. Error encountered while saving cache eb5a9fb2d0bc6cd838de790a8d08084de4890efc/_panels.scssc: can't dump anonymous class #<Class:0x007ff774ad1538>

Warning. Error encountered while saving cache eb5a9fb2d0bc6cd838de790a8d08084de4890efc/_pagination.scssc: can't dump anonymous class #<Class:0x007ff774ad1538>

Warning. Error encountered while saving cache eb5a9fb2d0bc6cd838de790a8d08084de4890efc/_list-group.scssc: can't dump anonymous class #<Class:0x007ff774ad1538>

Warning. Error encountered while saving cache eb5a9fb2d0bc6cd838de790a8d08084de4890efc/_nav-divider.scssc: can't dump anonymous class #<Class:0x007ff774ad1538>

Warning. Error encountered while saving cache eb5a9fb2d0bc6cd838de790a8d08084de4890efc/_forms.scssc: can't dump anonymous class #<Class:0x007ff774ad1538>

Warning. Error encountered while saving cache eb5a9fb2d0bc6cd838de790a8d08084de4890efc/_progress-bar.scssc: can't dump anonymous class #<Class:0x007ff774ad1538>

Warning. Error encountered while saving cache eb5a9fb2d0bc6cd838de790a8d08084de4890efc/_table-row.scssc: can't dump anonymous class #<Class:0x007ff774ad1538>

Warning. Error encountered while saving cache eb5a9fb2d0bc6cd838de790a8d08084de4890efc/_background-variant.scssc: can't dump anonymous class #<Class:0x007ff774ad1538>

Warning. Error encountered while saving cache eb5a9fb2d0bc6cd838de790a8d08084de4890efc/_border-radius.scssc: can't dump anonymous class #<Class:0x007ff774ad1538>

Warning. Error encountered while saving cache eb5a9fb2d0bc6cd838de790a8d08084de4890efc/_gradients.scssc: can't dump anonymous class #<Class:0x007ff774ad1538>

Warning. Error encountered while saving cache eb5a9fb2d0bc6cd838de790a8d08084de4890efc/_clearfix.scssc: can't dump anonymous class #<Class:0x007ff774ad1538>

Warning. Error encountered while saving cache eb5a9fb2d0bc6cd838de790a8d08084de4890efc/_center-block.scssc: can't dump anonymous class #<Class:0x007ff774ad1538>

Warning. Error encountered while saving cache eb5a9fb2d0bc6cd838de790a8d08084de4890efc/_nav-vertical-align.scssc: can't dump anonymous class #<Class:0x007ff774ad1538>

Warning. Error encountered while saving cache eb5a9fb2d0bc6cd838de790a8d08084de4890efc/_grid-framework.scssc: can't dump anonymous class #<Class:0x007ff774ad1538>

Warning. Error encountered while saving cache eb5a9fb2d0bc6cd838de790a8d08084de4890efc/_grid.scssc: can't dump anonymous class #<Class:0x007ff774ad1538>

Warning. Error encountered while saving cache 03cf03bf4f9ae8ca53a91e2d6b046a5424b1be8d/_normalize.scssc: can't dump anonymous class #<Class:0x007ff774ad1538>

Warning. Error encountered while saving cache 03cf03bf4f9ae8ca53a91e2d6b046a5424b1be8d/_print.scssc: can't dump anonymous class #<Class:0x007ff774ad1538>

Warning. Error encountered while saving cache 03cf03bf4f9ae8ca53a91e2d6b046a5424b1be8d/_glyphicons.scssc: can't dump anonymous class #<Class:0x007ff774ad1538>

Warning. Error encountered while saving cache 03cf03bf4f9ae8ca53a91e2d6b046a5424b1be8d/_scaffolding.scssc: can't dump anonymous class #<Class:0x007ff774ad1538>

Warning. Error encountered while saving cache 03cf03bf4f9ae8ca53a91e2d6b046a5424b1be8d/_type.scssc: can't dump anonymous class #<Class:0x007ff774ad1538>

Warning. Error encountered while saving cache 03cf03bf4f9ae8ca53a91e2d6b046a5424b1be8d/_code.scssc: can't dump anonymous class #<Class:0x007ff774ad1538>

Warning. Error encountered while saving cache 03cf03bf4f9ae8ca53a91e2d6b046a5424b1be8d/_grid.scssc: can't dump anonymous class #<Class:0x007ff774ad1538>

Warning. Error encountered while saving cache 03cf03bf4f9ae8ca53a91e2d6b046a5424b1be8d/_tables.scssc: can't dump anonymous class #<Class:0x007ff774ad1538>

Warning. Error encountered while saving cache 03cf03bf4f9ae8ca53a91e2d6b046a5424b1be8d/_forms.scssc: can't dump anonymous class #<Class:0x007ff774ad1538>

Warning. Error encountered while saving cache 03cf03bf4f9ae8ca53a91e2d6b046a5424b1be8d/_buttons.scssc: can't dump anonymous class #<Class:0x007ff774ad1538>

Warning. Error encountered while saving cache 03cf03bf4f9ae8ca53a91e2d6b046a5424b1be8d/_component-animations.scssc: can't dump anonymous class #<Class:0x007ff774ad1538>

Warning. Error encountered while saving cache 03cf03bf4f9ae8ca53a91e2d6b046a5424b1be8d/_dropdowns.scssc: can't dump anonymous class #<Class:0x007ff774ad1538>

Warning. Error encountered while saving cache 03cf03bf4f9ae8ca53a91e2d6b046a5424b1be8d/_button-groups.scssc: can't dump anonymous class #<Class:0x007ff774ad1538>

Warning. Error encountered while saving cache 03cf03bf4f9ae8ca53a91e2d6b046a5424b1be8d/_input-groups.scssc: can't dump anonymous class #<Class:0x007ff774ad1538>

Warning. Error encountered while saving cache 03cf03bf4f9ae8ca53a91e2d6b046a5424b1be8d/_navs.scssc: can't dump anonymous class #<Class:0x007ff774ad1538>

Warning. Error encountered while saving cache 03cf03bf4f9ae8ca53a91e2d6b046a5424b1be8d/_navbar.scssc: can't dump anonymous class #<Class:0x007ff774ad1538>

Warning. Error encountered while saving cache 03cf03bf4f9ae8ca53a91e2d6b046a5424b1be8d/_breadcrumbs.scssc: can't dump anonymous class #<Class:0x007ff774ad1538>

Warning. Error encountered while saving cache 03cf03bf4f9ae8ca53a91e2d6b046a5424b1be8d/_pagination.scssc: can't dump anonymous class #<Class:0x007ff774ad1538>

Warning. Error encountered while saving cache 03cf03bf4f9ae8ca53a91e2d6b046a5424b1be8d/_pager.scssc: can't dump anonymous class #<Class:0x007ff774ad1538>

Warning. Error encountered while saving cache 03cf03bf4f9ae8ca53a91e2d6b046a5424b1be8d/_labels.scssc: can't dump anonymous class #<Class:0x007ff774ad1538>

Warning. Error encountered while saving cache 03cf03bf4f9ae8ca53a91e2d6b046a5424b1be8d/_badges.scssc: can't dump anonymous class #<Class:0x007ff774ad1538>

Warning. Error encountered while saving cache 03cf03bf4f9ae8ca53a91e2d6b046a5424b1be8d/_jumbotron.scssc: can't dump anonymous class #<Class:0x007ff774ad1538>

Warning. Error encountered while saving cache 03cf03bf4f9ae8ca53a91e2d6b046a5424b1be8d/_thumbnails.scssc: can't dump anonymous class #<Class:0x007ff774ad1538>

Warning. Error encountered while saving cache 03cf03bf4f9ae8ca53a91e2d6b046a5424b1be8d/_alerts.scssc: can't dump anonymous class #<Class:0x007ff774ad1538>

Warning. Error encountered while saving cache 03cf03bf4f9ae8ca53a91e2d6b046a5424b1be8d/_progress-bars.scssc: can't dump anonymous class #<Class:0x007ff774ad1538>

Warning. Error encountered while saving cache 03cf03bf4f9ae8ca53a91e2d6b046a5424b1be8d/_media.scssc: can't dump anonymous class #<Class:0x007ff774ad1538>

Warning. Error encountered while saving cache 03cf03bf4f9ae8ca53a91e2d6b046a5424b1be8d/_list-group.scssc: can't dump anonymous class #<Class:0x007ff774ad1538>

Warning. Error encountered while saving cache 03cf03bf4f9ae8ca53a91e2d6b046a5424b1be8d/_panels.scssc: can't dump anonymous class #<Class:0x007ff774ad1538>

Warning. Error encountered while saving cache 03cf03bf4f9ae8ca53a91e2d6b046a5424b1be8d/_responsive-embed.scssc: can't dump anonymous class #<Class:0x007ff774ad1538>

Warning. Error encountered while saving cache 03cf03bf4f9ae8ca53a91e2d6b046a5424b1be8d/_wells.scssc: can't dump anonymous class #<Class:0x007ff774ad1538>

Warning. Error encountered while saving cache 03cf03bf4f9ae8ca53a91e2d6b046a5424b1be8d/_close.scssc: can't dump anonymous class #<Class:0x007ff774ad1538>

Warning. Error encountered while saving cache 03cf03bf4f9ae8ca53a91e2d6b046a5424b1be8d/_modals.scssc: can't dump anonymous class #<Class:0x007ff774ad1538>

Warning. Error encountered while saving cache 03cf03bf4f9ae8ca53a91e2d6b046a5424b1be8d/_tooltip.scssc: can't dump anonymous class #<Class:0x007ff774ad1538>

Warning. Error encountered while saving cache 03cf03bf4f9ae8ca53a91e2d6b046a5424b1be8d/_popovers.scssc: can't dump anonymous class #<Class:0x007ff774ad1538>

Warning. Error encountered while saving cache 03cf03bf4f9ae8ca53a91e2d6b046a5424b1be8d/_carousel.scssc: can't dump anonymous class #<Class:0x007ff774ad1538>

Warning. Error encountered while saving cache 03cf03bf4f9ae8ca53a91e2d6b046a5424b1be8d/_utilities.scssc: can't dump anonymous class #<Class:0x007ff774ad1538>

Warning. Error encountered while saving cache 03cf03bf4f9ae8ca53a91e2d6b046a5424b1be8d/_responsive-utilities.scssc: can't dump anonymous class #<Class:0x007ff774ad1538>

  Rendered layouts/_shim.html.erb (0.3ms)
  Rendered layouts/_header.html.erb (0.8ms)
  Rendered layouts/_footer.html.erb (0.4ms)
Completed 200 OK in 1879ms (Views: 1872.1ms | ActiveRecord: 0.0ms)


Started GET "/" for ::1 at 2014-12-14 12:13:24 -0800
Processing by StaticPagesController#home as HTML
  Rendered static_pages/home.html.erb within layouts/application (0.3ms)
  Rendered layouts/_shim.html.erb (0.0ms)
  Rendered layouts/_header.html.erb (0.2ms)
  Rendered layouts/_footer.html.erb (0.1ms)
Completed 200 OK in 126ms (Views: 125.8ms | ActiveRecord: 0.0ms)


Started GET "/assets/scaffolds.css?body=1" for ::1 at 2014-12-14 12:13:24 -0800


Started GET "/assets/static_pages.css?body=1" for ::1 at 2014-12-14 12:13:24 -0800


Started GET "/assets/custom.css?body=1" for ::1 at 2014-12-14 12:13:24 -0800


Started GET "/assets/jquery.js?body=1" for ::1 at 2014-12-14 12:13:24 -0800


Started GET "/assets/users.css?body=1" for ::1 at 2014-12-14 12:13:24 -0800


Started GET "/assets/application.css?body=1" for ::1 at 2014-12-14 12:13:24 -0800


Started GET "/assets/jquery_ujs.js?body=1" for ::1 at 2014-12-14 12:13:24 -0800


Started GET "/assets/turbolinks.js?body=1" for ::1 at 2014-12-14 12:13:24 -0800


Started GET "/assets/static_pages.js?body=1" for ::1 at 2014-12-14 12:13:24 -0800


Started GET "/assets/users.js?body=1" for ::1 at 2014-12-14 12:13:24 -0800


Started GET "/assets/application.js?body=1" for ::1 at 2014-12-14 12:13:24 -0800


Started GET "/assets/rails.png" for ::1 at 2014-12-14 12:13:24 -0800


Started GET "/signup" for ::1 at 2014-12-14 12:13:32 -0800
Processing by UsersController#new as HTML
  Rendered shared/_error_messages.html.erb (1.7ms)
  Rendered users/new.html.erb within layouts/application (20.6ms)
  Rendered layouts/_shim.html.erb (0.4ms)
  Rendered layouts/_header.html.erb (0.7ms)
  Rendered layouts/_footer.html.erb (0.4ms)
Completed 200 OK in 136ms (Views: 130.1ms | ActiveRecord: 0.3ms)


Started POST "/users" for ::1 at 2014-12-14 12:13:55 -0800
Processing by UsersController#create as HTML
  Parameters: {"utf8"=>"âœ“", "authenticity_token"=>"V2xsRSoMqKdzGL5aYwTq7xss67ozY5zRY2qwW5w35gximMwKBkKN9CwciJy3F70Xy05hogXXGzToyNB41vJRhQ==", "user"=>{"name"=>"Timothy Shull", "email"=>"timothyshull@gmail.com", "password"=>"[FILTERED]", "password_confirmation"=>"[FILTERED]"}, "commit"=>"Create my account"}
  [1m[35m (0.1ms)[0m  begin transaction
  [1m[36mUser Exists (0.2ms)[0m  [1mSELECT  1 AS one FROM "users" WHERE LOWER("users"."email") = LOWER('timothyshull@gmail.com') LIMIT 1[0m
  [1m[35m (0.1ms)[0m  rollback transaction
  Rendered shared/_error_messages.html.erb (1.0ms)
  Rendered users/new.html.erb within layouts/application (4.9ms)
  Rendered layouts/_shim.html.erb (0.0ms)
  Rendered layouts/_header.html.erb (0.2ms)
  Rendered layouts/_footer.html.erb (0.1ms)
Completed 200 OK in 191ms (Views: 114.5ms | ActiveRecord: 0.3ms)


Started GET "/assets/scaffolds.css?body=1" for ::1 at 2014-12-14 12:13:55 -0800


Started GET "/assets/static_pages.css?body=1" for ::1 at 2014-12-14 12:13:55 -0800


Started GET "/assets/users.css?body=1" for ::1 at 2014-12-14 12:13:55 -0800


Started GET "/assets/application.css?body=1" for ::1 at 2014-12-14 12:13:55 -0800


Started GET "/assets/jquery.js?body=1" for ::1 at 2014-12-14 12:13:55 -0800


Started GET "/assets/turbolinks.js?body=1" for ::1 at 2014-12-14 12:13:55 -0800


Started GET "/assets/static_pages.js?body=1" for ::1 at 2014-12-14 12:13:55 -0800


Started GET "/assets/jquery_ujs.js?body=1" for ::1 at 2014-12-14 12:13:55 -0800


Started GET "/assets/users.js?body=1" for ::1 at 2014-12-14 12:13:55 -0800


Started GET "/assets/application.js?body=1" for ::1 at 2014-12-14 12:13:55 -0800


Started POST "/users" for ::1 at 2014-12-14 12:14:08 -0800
Processing by UsersController#create as HTML
  Parameters: {"utf8"=>"âœ“", "authenticity_token"=>"ad0GZ7XP7xrfqcxVxLykEwVj3miGfR1k1qjUVL6G90lcKaYomYHKSYCt+pMQr/Pr1QFUcLDJmoFdCrR39ENAwA==", "user"=>{"name"=>"Timothy Shull", "email"=>"timothyshull@gmail.com", "password"=>"[FILTERED]", "password_confirmation"=>"[FILTERED]"}, "commit"=>"Create my account"}
  [1m[36m (0.1ms)[0m  [1mbegin transaction[0m
  [1m[35mUser Exists (0.1ms)[0m  SELECT  1 AS one FROM "users" WHERE LOWER("users"."email") = LOWER('timothyshull@gmail.com') LIMIT 1
  [1m[36mSQL (0.3ms)[0m  [1mINSERT INTO "users" ("name", "email", "password_digest", "created_at", "updated_at") VALUES (?, ?, ?, ?, ?)[0m  [["name", "Timothy Shull"], ["email", "timothyshull@gmail.com"], ["password_digest", "$2a$10$jRgCapX/PCmt5nu6dCMEseiE1alaOfHaWZC3ec9uAfyjp9VmUaxmy"], ["created_at", "2014-12-14 20:14:08.244301"], ["updated_at", "2014-12-14 20:14:08.244301"]]
  [1m[35m (0.7ms)[0m  commit transaction
Redirected to http://localhost:3000/users/1
Completed 302 Found in 65ms (ActiveRecord: 1.2ms)


Started GET "/users/1" for ::1 at 2014-12-14 12:14:08 -0800
Processing by UsersController#show as HTML
  Parameters: {"id"=>"1"}
  [1m[36mUser Load (0.2ms)[0m  [1mSELECT  "users".* FROM "users" WHERE "users"."id" = ? LIMIT 1[0m  [["id", 1]]
  Rendered users/show.html.erb within layouts/application (0.5ms)
  Rendered layouts/_shim.html.erb (0.0ms)
  Rendered layouts/_header.html.erb (0.2ms)
  Rendered layouts/_footer.html.erb (0.1ms)
Completed 200 OK in 103ms (Views: 97.7ms | ActiveRecord: 0.2ms)


Started GET "/assets/application.css?body=1" for ::1 at 2014-12-14 12:14:08 -0800


Started GET "/assets/static_pages.css?body=1" for ::1 at 2014-12-14 12:14:08 -0800


Started GET "/assets/scaffolds.css?body=1" for ::1 at 2014-12-14 12:14:08 -0800


Started GET "/assets/jquery_ujs.js?body=1" for ::1 at 2014-12-14 12:14:08 -0800


Started GET "/assets/users.css?body=1" for ::1 at 2014-12-14 12:14:08 -0800


Started GET "/assets/jquery.js?body=1" for ::1 at 2014-12-14 12:14:08 -0800


Started GET "/assets/turbolinks.js?body=1" for ::1 at 2014-12-14 12:14:08 -0800


Started GET "/assets/users.js?body=1" for ::1 at 2014-12-14 12:14:08 -0800


Started GET "/assets/static_pages.js?body=1" for ::1 at 2014-12-14 12:14:08 -0800


Started GET "/assets/application.js?body=1" for ::1 at 2014-12-14 12:14:08 -0800


Started GET "/about" for ::1 at 2014-12-14 12:14:30 -0800
Processing by StaticPagesController#about as HTML
  Rendered static_pages/about.html.erb within layouts/application (0.3ms)
  Rendered layouts/_shim.html.erb (0.0ms)
  Rendered layouts/_header.html.erb (0.2ms)
  Rendered layouts/_footer.html.erb (0.1ms)
Completed 200 OK in 93ms (Views: 92.6ms | ActiveRecord: 0.0ms)


Started GET "/contact" for ::1 at 2014-12-14 12:14:33 -0800
Processing by StaticPagesController#contact as HTML
  Rendered static_pages/contact.html.erb within layouts/application (0.4ms)
  Rendered layouts/_shim.html.erb (0.1ms)
  Rendered layouts/_header.html.erb (0.2ms)
  Rendered layouts/_footer.html.erb (0.1ms)
Completed 200 OK in 101ms (Views: 100.1ms | ActiveRecord: 0.0ms)


Started GET "/" for ::1 at 2014-12-14 12:14:38 -0800
Processing by StaticPagesController#home as HTML
  Rendered static_pages/home.html.erb within layouts/application (0.6ms)
  Rendered layouts/_shim.html.erb (0.0ms)
  Rendered layouts/_header.html.erb (0.2ms)
  Rendered layouts/_footer.html.erb (0.2ms)
Completed 200 OK in 96ms (Views: 95.0ms | ActiveRecord: 0.0ms)


Started GET "/assets/rails.png" for ::1 at 2014-12-14 12:14:38 -0800


Started GET "/help" for ::1 at 2014-12-14 12:14:40 -0800
Processing by StaticPagesController#help as HTML
  Rendered static_pages/help.html.erb within layouts/application (0.3ms)
  Rendered layouts/_shim.html.erb (0.0ms)
  Rendered layouts/_header.html.erb (0.2ms)
  Rendered layouts/_footer.html.erb (0.1ms)
Completed 200 OK in 104ms (Views: 103.5ms | ActiveRecord: 0.0ms)


Started GET "/help" for ::1 at 2014-12-14 12:14:43 -0800
Processing by StaticPagesController#help as HTML
  Rendered static_pages/help.html.erb within layouts/application (0.0ms)
  Rendered layouts/_shim.html.erb (0.1ms)
  Rendered layouts/_header.html.erb (0.2ms)
  Rendered layouts/_footer.html.erb (0.1ms)
Completed 200 OK in 89ms (Views: 88.2ms | ActiveRecord: 0.0ms)


Started GET "/users/1" for ::1 at 2014-12-14 12:14:54 -0800
Processing by UsersController#show as HTML
  Parameters: {"id"=>"1"}
  [1m[35mUser Load (0.1ms)[0m  SELECT  "users".* FROM "users" WHERE "users"."id" = ? LIMIT 1  [["id", 1]]
  Rendered users/show.html.erb within layouts/application (0.2ms)
  Rendered layouts/_shim.html.erb (0.0ms)
  Rendered layouts/_header.html.erb (0.2ms)
  Rendered layouts/_footer.html.erb (0.1ms)
Completed 200 OK in 100ms (Views: 98.8ms | ActiveRecord: 0.1ms)


Started GET "/assets/custom.css?body=1" for ::1 at 2014-12-14 12:14:54 -0800


Started GET "/assets/scaffolds.css?body=1" for ::1 at 2014-12-14 12:14:54 -0800


Started GET "/assets/users.css?body=1" for ::1 at 2014-12-14 12:14:54 -0800


Started GET "/assets/jquery.js?body=1" for ::1 at 2014-12-14 12:14:54 -0800


Started GET "/assets/application.css?body=1" for ::1 at 2014-12-14 12:14:54 -0800


Started GET "/assets/jquery_ujs.js?body=1" for ::1 at 2014-12-14 12:14:54 -0800


Started GET "/assets/static_pages.css?body=1" for ::1 at 2014-12-14 12:14:54 -0800


Started GET "/assets/static_pages.js?body=1" for ::1 at 2014-12-14 12:14:54 -0800


Started GET "/assets/turbolinks.js?body=1" for ::1 at 2014-12-14 12:14:54 -0800


Started GET "/assets/users.js?body=1" for ::1 at 2014-12-14 12:14:54 -0800


Started GET "/assets/application.js?body=1" for ::1 at 2014-12-14 12:14:54 -0800


Started GET "/users/" for ::1 at 2014-12-14 12:15:13 -0800

AbstractController::ActionNotFound (The action 'index' could not be found for UsersController):
  actionpack (4.2.0.rc2) lib/abstract_controller/base.rb:132:in `process'
  actionview (4.2.0.rc2) lib/action_view/rendering.rb:30:in `process'
  actionpack (4.2.0.rc2) lib/action_controller/metal.rb:195:in `dispatch'
  actionpack (4.2.0.rc2) lib/action_controller/metal/rack_delegation.rb:13:in `dispatch'
  actionpack (4.2.0.rc2) lib/action_controller/metal.rb:236:in `block in action'
  actionpack (4.2.0.rc2) lib/action_dispatch/routing/route_set.rb:73:in `call'
  actionpack (4.2.0.rc2) lib/action_dispatch/routing/route_set.rb:73:in `dispatch'
  actionpack (4.2.0.rc2) lib/action_dispatch/routing/route_set.rb:42:in `serve'
  actionpack (4.2.0.rc2) lib/action_dispatch/journey/router.rb:43:in `block in serve'
  actionpack (4.2.0.rc2) lib/action_dispatch/journey/router.rb:30:in `each'
  actionpack (4.2.0.rc2) lib/action_dispatch/journey/router.rb:30:in `serve'
  actionpack (4.2.0.rc2) lib/action_dispatch/routing/route_set.rb:802:in `call'
  rack (1.6.0.beta2) lib/rack/etag.rb:24:in `call'
  rack (1.6.0.beta2) lib/rack/conditionalget.rb:25:in `call'
  rack (1.6.0.beta2) lib/rack/head.rb:13:in `call'
  actionpack (4.2.0.rc2) lib/action_dispatch/middleware/params_parser.rb:27:in `call'
  actionpack (4.2.0.rc2) lib/action_dispatch/middleware/flash.rb:260:in `call'
  rack (1.6.0.beta2) lib/rack/session/abstract/id.rb:225:in `context'
  rack (1.6.0.beta2) lib/rack/session/abstract/id.rb:220:in `call'
  actionpack (4.2.0.rc2) lib/action_dispatch/middleware/cookies.rb:560:in `call'
  activerecord (4.2.0.rc2) lib/active_record/query_cache.rb:36:in `call'
  activerecord (4.2.0.rc2) lib/active_record/connection_adapters/abstract/connection_pool.rb:647:in `call'
  activerecord (4.2.0.rc2) lib/active_record/migration.rb:378:in `call'
  actionpack (4.2.0.rc2) lib/action_dispatch/middleware/callbacks.rb:29:in `block in call'
  activesupport (4.2.0.rc2) lib/active_support/callbacks.rb:88:in `call'
  activesupport (4.2.0.rc2) lib/active_support/callbacks.rb:88:in `_run_callbacks'
  activesupport (4.2.0.rc2) lib/active_support/callbacks.rb:734:in `_run_call_callbacks'
  activesupport (4.2.0.rc2) lib/active_support/callbacks.rb:81:in `run_callbacks'
  actionpack (4.2.0.rc2) lib/action_dispatch/middleware/callbacks.rb:27:in `call'
  actionpack (4.2.0.rc2) lib/action_dispatch/middleware/reloader.rb:73:in `call'
  actionpack (4.2.0.rc2) lib/action_dispatch/middleware/remote_ip.rb:78:in `call'
  web-console (2.0.0.beta3) lib/action_dispatch/debug_exceptions.rb:18:in `middleware_call'
  web-console (2.0.0.beta3) lib/action_dispatch/debug_exceptions.rb:13:in `call'
  actionpack (4.2.0.rc2) lib/action_dispatch/middleware/show_exceptions.rb:30:in `call'
  railties (4.2.0.rc2) lib/rails/rack/logger.rb:38:in `call_app'
  railties (4.2.0.rc2) lib/rails/rack/logger.rb:20:in `block in call'
  activesupport (4.2.0.rc2) lib/active_support/tagged_logging.rb:68:in `block in tagged'
  activesupport (4.2.0.rc2) lib/active_support/tagged_logging.rb:26:in `tagged'
  activesupport (4.2.0.rc2) lib/active_support/tagged_logging.rb:68:in `tagged'
  railties (4.2.0.rc2) lib/rails/rack/logger.rb:20:in `call'
  actionpack (4.2.0.rc2) lib/action_dispatch/middleware/request_id.rb:21:in `call'
  rack (1.6.0.beta2) lib/rack/methodoverride.rb:22:in `call'
  rack (1.6.0.beta2) lib/rack/runtime.rb:18:in `call'
  activesupport (4.2.0.rc2) lib/active_support/cache/strategy/local_cache_middleware.rb:28:in `call'
  rack (1.6.0.beta2) lib/rack/lock.rb:17:in `call'
  actionpack (4.2.0.rc2) lib/action_dispatch/middleware/static.rb:113:in `call'
  rack (1.6.0.beta2) lib/rack/sendfile.rb:113:in `call'
  railties (4.2.0.rc2) lib/rails/engine.rb:518:in `call'
  railties (4.2.0.rc2) lib/rails/application.rb:164:in `call'
  rack (1.6.0.beta2) lib/rack/lock.rb:17:in `call'
  rack (1.6.0.beta2) lib/rack/content_length.rb:15:in `call'
  rack (1.6.0.beta2) lib/rack/handler/webrick.rb:89:in `service'
  /Users/timothyshull/.rbenv/versions/2.1.5/lib/ruby/2.1.0/webrick/httpserver.rb:138:in `service'
  /Users/timothyshull/.rbenv/versions/2.1.5/lib/ruby/2.1.0/webrick/httpserver.rb:94:in `run'
  /Users/timothyshull/.rbenv/versions/2.1.5/lib/ruby/2.1.0/webrick/server.rb:295:in `block in start_thread'


  Rendered /Users/timothyshull/.rbenv/versions/2.1.5/lib/ruby/gems/2.1.0/gems/web-console-2.0.0.beta3/lib/action_dispatch/templates/rescues/unknown_action.html.erb within rescues/layout (0.4ms)


Started GET "/help" for ::1 at 2014-12-14 12:15:17 -0800
Processing by StaticPagesController#help as HTML
  Rendered static_pages/help.html.erb within layouts/application (0.1ms)
  Rendered layouts/_shim.html.erb (0.0ms)
  Rendered layouts/_header.html.erb (0.2ms)
  Rendered layouts/_footer.html.erb (0.1ms)
Completed 200 OK in 99ms (Views: 98.4ms | ActiveRecord: 0.0ms)


Started GET "/" for ::1 at 2014-12-14 18:49:27 -0800
  [1m[36mActiveRecord::SchemaMigration Load (0.5ms)[0m  [1mSELECT "schema_migrations".* FROM "schema_migrations"[0m
Processing by StaticPagesController#home as HTML
  Rendered static_pages/home.html.erb within layouts/application (3.5ms)
Warning. Error encountered while saving cache d8553dacd42e8f559bef2976e8dfb18c38e75cb2/sessions.css.scssc: can't dump anonymous class #<Class:0x007fe053a3c1c8>

  Rendered layouts/_shim.html.erb (0.4ms)
  [1m[35mUser Load (0.6ms)[0m  SELECT  "users".* FROM "users" WHERE "users"."id" IS NULL LIMIT 1
  Rendered layouts/_header.html.erb (13.2ms)
  Rendered layouts/_footer.html.erb (0.4ms)
Completed 200 OK in 492ms (Views: 483.2ms | ActiveRecord: 0.8ms)


Started GET "/assets/custom.css?body=1" for ::1 at 2014-12-14 18:49:28 -0800


Started GET "/assets/scaffolds.css?body=1" for ::1 at 2014-12-14 18:49:28 -0800


Started GET "/assets/sessions.css?body=1" for ::1 at 2014-12-14 18:49:28 -0800


Started GET "/assets/static_pages.css?body=1" for ::1 at 2014-12-14 18:49:28 -0800


Started GET "/assets/users.css?body=1" for ::1 at 2014-12-14 18:49:28 -0800


Started GET "/assets/application.css?body=1" for ::1 at 2014-12-14 18:49:28 -0800


Started GET "/assets/jquery.js?body=1" for ::1 at 2014-12-14 18:49:28 -0800


Started GET "/assets/jquery_ujs.js?body=1" for ::1 at 2014-12-14 18:49:28 -0800


Started GET "/assets/bootstrap.js?body=1" for ::1 at 2014-12-14 18:49:28 -0800


Started GET "/assets/turbolinks.js?body=1" for ::1 at 2014-12-14 18:49:28 -0800


Started GET "/assets/sessions.js?body=1" for ::1 at 2014-12-14 18:49:28 -0800


Started GET "/assets/static_pages.js?body=1" for ::1 at 2014-12-14 18:49:28 -0800


Started GET "/assets/users.js?body=1" for ::1 at 2014-12-14 18:49:28 -0800


Started GET "/assets/application.js?body=1" for ::1 at 2014-12-14 18:49:28 -0800


Started GET "/assets/rails.png" for ::1 at 2014-12-14 18:49:28 -0800


Started GET "/signup" for ::1 at 2014-12-14 18:49:31 -0800
Processing by UsersController#new as HTML
  Rendered shared/_error_messages.html.erb (2.9ms)
  Rendered users/new.html.erb within layouts/application (29.2ms)
  Rendered layouts/_shim.html.erb (0.3ms)
  [1m[36mUser Load (0.1ms)[0m  [1mSELECT  "users".* FROM "users" WHERE "users"."id" IS NULL LIMIT 1[0m
  Rendered layouts/_header.html.erb (1.5ms)
  Rendered layouts/_footer.html.erb (0.3ms)
Completed 200 OK in 161ms (Views: 156.5ms | ActiveRecord: 0.5ms)


Started POST "/users" for ::1 at 2014-12-14 18:49:48 -0800
Processing by UsersController#create as HTML
  Parameters: {"utf8"=>"âœ“", "authenticity_token"=>"0eV80hD3uHUZ0p0Wg5uyCky2/fxFVHyygl/kMYdoFxrds9043HRvteFxPpJlztu9AcXoVXXcUkUTKnpN2QIw1A==", "user"=>{"name"=>"John", "email"=>"john@john.com", "password"=>"[FILTERED]", "password_confirmation"=>"[FILTERED]"}, "commit"=>"Create my account"}
  [1m[35m (0.1ms)[0m  begin transaction
  [1m[36mUser Exists (0.6ms)[0m  [1mSELECT  1 AS one FROM "users" WHERE LOWER("users"."email") = LOWER('john@john.com') LIMIT 1[0m
  [1m[35mSQL (0.9ms)[0m  INSERT INTO "users" ("name", "email", "password_digest", "created_at", "updated_at") VALUES (?, ?, ?, ?, ?)  [["name", "John"], ["email", "john@john.com"], ["password_digest", "$2a$10$UaOYDvKQkngdq5gnTRp1l.XBo0tw8L3gQ829VCoywyw3ylmu43iJe"], ["created_at", "2014-12-15 02:49:48.551623"], ["updated_at", "2014-12-15 02:49:48.551623"]]
  [1m[36m (0.7ms)[0m  [1mcommit transaction[0m
Redirected to http://localhost:3000/users/2
Completed 302 Found in 78ms (ActiveRecord: 2.3ms)


Started GET "/users/2" for ::1 at 2014-12-14 18:49:48 -0800
Processing by UsersController#show as HTML
  Parameters: {"id"=>"2"}
  [1m[35mUser Load (0.2ms)[0m  SELECT  "users".* FROM "users" WHERE "users"."id" = ? LIMIT 1  [["id", 2]]
  Rendered users/show.html.erb within layouts/application (0.7ms)
  Rendered layouts/_shim.html.erb (0.0ms)
  [1m[36mUser Load (0.1ms)[0m  [1mSELECT  "users".* FROM "users" WHERE "users"."id" IS NULL LIMIT 1[0m
  Rendered layouts/_header.html.erb (0.9ms)
  Rendered layouts/_footer.html.erb (0.1ms)
Completed 200 OK in 176ms (Views: 173.9ms | ActiveRecord: 0.3ms)


Started GET "/assets/custom.css?body=1" for ::1 at 2014-12-14 18:49:48 -0800


Started GET "/assets/users.css?body=1" for ::1 at 2014-12-14 18:49:48 -0800


Started GET "/assets/scaffolds.css?body=1" for ::1 at 2014-12-14 18:49:48 -0800


Started GET "/assets/static_pages.css?body=1" for ::1 at 2014-12-14 18:49:48 -0800


Started GET "/assets/application.css?body=1" for ::1 at 2014-12-14 18:49:48 -0800


Started GET "/assets/jquery.js?body=1" for ::1 at 2014-12-14 18:49:48 -0800


Started GET "/assets/jquery_ujs.js?body=1" for ::1 at 2014-12-14 18:49:48 -0800


Started GET "/assets/turbolinks.js?body=1" for ::1 at 2014-12-14 18:49:48 -0800


Started GET "/assets/static_pages.js?body=1" for ::1 at 2014-12-14 18:49:48 -0800


Started GET "/assets/users.js?body=1" for ::1 at 2014-12-14 18:49:48 -0800


Started GET "/assets/application.js?body=1" for ::1 at 2014-12-14 18:49:48 -0800


Started GET "/" for ::1 at 2014-12-14 18:49:52 -0800
Processing by StaticPagesController#home as HTML
  Rendered static_pages/home.html.erb within layouts/application (0.7ms)
  Rendered layouts/_shim.html.erb (0.0ms)
  [1m[35mUser Load (0.2ms)[0m  SELECT  "users".* FROM "users" WHERE "users"."id" IS NULL LIMIT 1
  Rendered layouts/_header.html.erb (0.8ms)
  Rendered layouts/_footer.html.erb (0.1ms)
Completed 200 OK in 125ms (Views: 124.1ms | ActiveRecord: 0.1ms)


Started GET "/assets/rails.png" for ::1 at 2014-12-14 18:49:52 -0800


Started GET "/login" for ::1 at 2014-12-14 18:49:54 -0800
Processing by SessionsController#new as HTML
  Rendered sessions/new.html.erb within layouts/application (1.6ms)
  Rendered layouts/_shim.html.erb (0.0ms)
  [1m[36mUser Load (0.2ms)[0m  [1mSELECT  "users".* FROM "users" WHERE "users"."id" IS NULL LIMIT 1[0m
  Rendered layouts/_header.html.erb (1.4ms)
  Rendered layouts/_footer.html.erb (0.2ms)
Completed 200 OK in 128ms (Views: 127.6ms | ActiveRecord: 0.2ms)


Started POST "/login" for ::1 at 2014-12-14 18:50:09 -0800
Processing by SessionsController#create as HTML
  Parameters: {"utf8"=>"âœ“", "authenticity_token"=>"nafqE931xXwW73dYZEBAD64G0DX05wxcSz2S7U+3CqaR8Uv5EXYSvO5M1NyCFSm443XFnMRvIqvaSAyREd0taA==", "session"=>{"email"=>"timothyshull@gmail.com", "password"=>"[FILTERED]"}, "commit"=>"Log in"}
  [1m[35mUser Load (0.2ms)[0m  SELECT  "users".* FROM "users" WHERE "users"."email" = ? LIMIT 1  [["email", "timothyshull@gmail.com"]]
Redirected to http://localhost:3000/users/1
Completed 302 Found in 64ms (ActiveRecord: 0.2ms)


Started GET "/users/1" for ::1 at 2014-12-14 18:50:09 -0800
Processing by UsersController#show as HTML
  Parameters: {"id"=>"1"}
  [1m[36mUser Load (0.1ms)[0m  [1mSELECT  "users".* FROM "users" WHERE "users"."id" = ? LIMIT 1[0m  [["id", 1]]
  Rendered users/show.html.erb within layouts/application (0.1ms)
  Rendered layouts/_shim.html.erb (0.0ms)
  [1m[35mUser Load (0.1ms)[0m  SELECT  "users".* FROM "users" WHERE "users"."id" = ? LIMIT 1  [["id", 1]]
  Rendered layouts/_header.html.erb (1.0ms)
  Rendered layouts/_footer.html.erb (0.2ms)
Completed 200 OK in 121ms (Views: 119.8ms | ActiveRecord: 0.2ms)


Started GET "/assets/scaffolds.css?body=1" for ::1 at 2014-12-14 18:50:09 -0800


Started GET "/assets/custom.css?body=1" for ::1 at 2014-12-14 18:50:09 -0800


Started GET "/assets/static_pages.css?body=1" for ::1 at 2014-12-14 18:50:09 -0800


Started GET "/assets/jquery.js?body=1" for ::1 at 2014-12-14 18:50:09 -0800


Started GET "/assets/application.css?body=1" for ::1 at 2014-12-14 18:50:09 -0800


Started GET "/assets/users.css?body=1" for ::1 at 2014-12-14 18:50:09 -0800


Started GET "/assets/jquery_ujs.js?body=1" for ::1 at 2014-12-14 18:50:09 -0800


Started GET "/assets/turbolinks.js?body=1" for ::1 at 2014-12-14 18:50:09 -0800


Started GET "/assets/static_pages.js?body=1" for ::1 at 2014-12-14 18:50:09 -0800


Started GET "/assets/users.js?body=1" for ::1 at 2014-12-14 18:50:09 -0800


Started GET "/assets/application.js?body=1" for ::1 at 2014-12-14 18:50:09 -0800


Started DELETE "/logout" for ::1 at 2014-12-14 18:50:16 -0800
Processing by SessionsController#destroy as HTML
  Parameters: {"authenticity_token"=>"JrfmvrCPwaags9+oChA5pfFEngF43vFaxRL1th5CNucq4UdUfAwWZlgQfCzsRVASvDeLqEhW361UZ2vKQCgRKQ=="}
Completed 500 Internal Server Error in 6ms

ActionView::MissingTemplate (Missing template sessions/destroy, application/destroy with {:locale=>[:en], :formats=>[:html], :variants=>[], :handlers=>[:erb, :builder, :raw, :ruby, :coffee, :jbuilder]}. Searched in:
  * "/Users/timothyshull/.rbenv/versions/2.1.5/lib/ruby/gems/2.1.0/gems/web-console-2.0.0.beta3/lib/action_dispatch/templates"
  * "/Users/timothyshull/Programming/WebDev/RubyRails/MyProjects/RailsTutCh3/app/views"
  * "/Users/timothyshull/.rbenv/versions/2.1.5/lib/ruby/gems/2.1.0/gems/web-console-2.0.0.beta3/app/views"
):
  actionview (4.2.0.rc2) lib/action_view/path_set.rb:46:in `find'
  actionview (4.2.0.rc2) lib/action_view/lookup_context.rb:121:in `find'
  actionview (4.2.0.rc2) lib/action_view/renderer/abstract_renderer.rb:18:in `find_template'
  actionview (4.2.0.rc2) lib/action_view/renderer/template_renderer.rb:40:in `determine_template'
  actionview (4.2.0.rc2) lib/action_view/renderer/template_renderer.rb:8:in `render'
  actionview (4.2.0.rc2) lib/action_view/renderer/renderer.rb:42:in `render_template'
  actionview (4.2.0.rc2) lib/action_view/renderer/renderer.rb:23:in `render'
  actionview (4.2.0.rc2) lib/action_view/rendering.rb:100:in `_render_template'
  actionpack (4.2.0.rc2) lib/action_controller/metal/streaming.rb:217:in `_render_template'
  actionview (4.2.0.rc2) lib/action_view/rendering.rb:83:in `render_to_body'
  actionpack (4.2.0.rc2) lib/action_controller/metal/rendering.rb:32:in `render_to_body'
  actionpack (4.2.0.rc2) lib/action_controller/metal/renderers.rb:37:in `render_to_body'
  actionpack (4.2.0.rc2) lib/abstract_controller/rendering.rb:25:in `render'
  actionpack (4.2.0.rc2) lib/action_controller/metal/rendering.rb:16:in `render'
  actionpack (4.2.0.rc2) lib/action_controller/metal/instrumentation.rb:41:in `block (2 levels) in render'
  activesupport (4.2.0.rc2) lib/active_support/core_ext/benchmark.rb:12:in `block in ms'
  /Users/timothyshull/.rbenv/versions/2.1.5/lib/ruby/2.1.0/benchmark.rb:294:in `realtime'
  activesupport (4.2.0.rc2) lib/active_support/core_ext/benchmark.rb:12:in `ms'
  actionpack (4.2.0.rc2) lib/action_controller/metal/instrumentation.rb:41:in `block in render'
  actionpack (4.2.0.rc2) lib/action_controller/metal/instrumentation.rb:84:in `cleanup_view_runtime'
  activerecord (4.2.0.rc2) lib/active_record/railties/controller_runtime.rb:25:in `cleanup_view_runtime'
  actionpack (4.2.0.rc2) lib/action_controller/metal/instrumentation.rb:40:in `render'
  actionpack (4.2.0.rc2) lib/action_controller/metal/implicit_render.rb:10:in `default_render'
  actionpack (4.2.0.rc2) lib/action_controller/metal/implicit_render.rb:5:in `send_action'
  actionpack (4.2.0.rc2) lib/abstract_controller/base.rb:198:in `process_action'
  actionpack (4.2.0.rc2) lib/action_controller/metal/rendering.rb:10:in `process_action'
  actionpack (4.2.0.rc2) lib/abstract_controller/callbacks.rb:20:in `block in process_action'
  activesupport (4.2.0.rc2) lib/active_support/callbacks.rb:117:in `call'
  activesupport (4.2.0.rc2) lib/active_support/callbacks.rb:117:in `call'
  activesupport (4.2.0.rc2) lib/active_support/callbacks.rb:234:in `block in halting'
  activesupport (4.2.0.rc2) lib/active_support/callbacks.rb:234:in `call'
  activesupport (4.2.0.rc2) lib/active_support/callbacks.rb:234:in `block in halting'
  activesupport (4.2.0.rc2) lib/active_support/callbacks.rb:169:in `call'
  activesupport (4.2.0.rc2) lib/active_support/callbacks.rb:169:in `block in halting'
  activesupport (4.2.0.rc2) lib/active_support/callbacks.rb:169:in `call'
  activesupport (4.2.0.rc2) lib/active_support/callbacks.rb:169:in `block in halting'
  activesupport (4.2.0.rc2) lib/active_support/callbacks.rb:169:in `call'
  activesupport (4.2.0.rc2) lib/active_support/callbacks.rb:169:in `block in halting'
  activesupport (4.2.0.rc2) lib/active_support/callbacks.rb:92:in `call'
  activesupport (4.2.0.rc2) lib/active_support/callbacks.rb:92:in `_run_callbacks'
  activesupport (4.2.0.rc2) lib/active_support/callbacks.rb:734:in `_run_process_action_callbacks'
  activesupport (4.2.0.rc2) lib/active_support/callbacks.rb:81:in `run_callbacks'
  actionpack (4.2.0.rc2) lib/abstract_controller/callbacks.rb:19:in `process_action'
  actionpack (4.2.0.rc2) lib/action_controller/metal/rescue.rb:29:in `process_action'
  actionpack (4.2.0.rc2) lib/action_controller/metal/instrumentation.rb:31:in `block in process_action'
  activesupport (4.2.0.rc2) lib/active_support/notifications.rb:164:in `block in instrument'
  activesupport (4.2.0.rc2) lib/active_support/notifications/instrumenter.rb:20:in `instrument'
  activesupport (4.2.0.rc2) lib/active_support/notifications.rb:164:in `instrument'
  actionpack (4.2.0.rc2) lib/action_controller/metal/instrumentation.rb:30:in `process_action'
  actionpack (4.2.0.rc2) lib/action_controller/metal/params_wrapper.rb:250:in `process_action'
  activerecord (4.2.0.rc2) lib/active_record/railties/controller_runtime.rb:18:in `process_action'
  actionpack (4.2.0.rc2) lib/abstract_controller/base.rb:137:in `process'
  actionview (4.2.0.rc2) lib/action_view/rendering.rb:30:in `process'
  actionpack (4.2.0.rc2) lib/action_controller/metal.rb:195:in `dispatch'
  actionpack (4.2.0.rc2) lib/action_controller/metal/rack_delegation.rb:13:in `dispatch'
  actionpack (4.2.0.rc2) lib/action_controller/metal.rb:236:in `block in action'
  actionpack (4.2.0.rc2) lib/action_dispatch/routing/route_set.rb:73:in `call'
  actionpack (4.2.0.rc2) lib/action_dispatch/routing/route_set.rb:73:in `dispatch'
  actionpack (4.2.0.rc2) lib/action_dispatch/routing/route_set.rb:42:in `serve'
  actionpack (4.2.0.rc2) lib/action_dispatch/journey/router.rb:43:in `block in serve'
  actionpack (4.2.0.rc2) lib/action_dispatch/journey/router.rb:30:in `each'
  actionpack (4.2.0.rc2) lib/action_dispatch/journey/router.rb:30:in `serve'
  actionpack (4.2.0.rc2) lib/action_dispatch/routing/route_set.rb:802:in `call'
  rack (1.6.0.beta2) lib/rack/etag.rb:24:in `call'
  rack (1.6.0.beta2) lib/rack/conditionalget.rb:38:in `call'
  rack (1.6.0.beta2) lib/rack/head.rb:13:in `call'
  actionpack (4.2.0.rc2) lib/action_dispatch/middleware/params_parser.rb:27:in `call'
  actionpack (4.2.0.rc2) lib/action_dispatch/middleware/flash.rb:260:in `call'
  rack (1.6.0.beta2) lib/rack/session/abstract/id.rb:225:in `context'
  rack (1.6.0.beta2) lib/rack/session/abstract/id.rb:220:in `call'
  actionpack (4.2.0.rc2) lib/action_dispatch/middleware/cookies.rb:560:in `call'
  activerecord (4.2.0.rc2) lib/active_record/query_cache.rb:36:in `call'
  activerecord (4.2.0.rc2) lib/active_record/connection_adapters/abstract/connection_pool.rb:647:in `call'
  activerecord (4.2.0.rc2) lib/active_record/migration.rb:378:in `call'
  actionpack (4.2.0.rc2) lib/action_dispatch/middleware/callbacks.rb:29:in `block in call'
  activesupport (4.2.0.rc2) lib/active_support/callbacks.rb:88:in `call'
  activesupport (4.2.0.rc2) lib/active_support/callbacks.rb:88:in `_run_callbacks'
  activesupport (4.2.0.rc2) lib/active_support/callbacks.rb:734:in `_run_call_callbacks'
  activesupport (4.2.0.rc2) lib/active_support/callbacks.rb:81:in `run_callbacks'
  actionpack (4.2.0.rc2) lib/action_dispatch/middleware/callbacks.rb:27:in `call'
  actionpack (4.2.0.rc2) lib/action_dispatch/middleware/reloader.rb:73:in `call'
  actionpack (4.2.0.rc2) lib/action_dispatch/middleware/remote_ip.rb:78:in `call'
  web-console (2.0.0.beta3) lib/action_dispatch/debug_exceptions.rb:18:in `middleware_call'
  web-console (2.0.0.beta3) lib/action_dispatch/debug_exceptions.rb:13:in `call'
  actionpack (4.2.0.rc2) lib/action_dispatch/middleware/show_exceptions.rb:30:in `call'
  railties (4.2.0.rc2) lib/rails/rack/logger.rb:38:in `call_app'
  railties (4.2.0.rc2) lib/rails/rack/logger.rb:20:in `block in call'
  activesupport (4.2.0.rc2) lib/active_support/tagged_logging.rb:68:in `block in tagged'
  activesupport (4.2.0.rc2) lib/active_support/tagged_logging.rb:26:in `tagged'
  activesupport (4.2.0.rc2) lib/active_support/tagged_logging.rb:68:in `tagged'
  railties (4.2.0.rc2) lib/rails/rack/logger.rb:20:in `call'
  actionpack (4.2.0.rc2) lib/action_dispatch/middleware/request_id.rb:21:in `call'
  rack (1.6.0.beta2) lib/rack/methodoverride.rb:22:in `call'
  rack (1.6.0.beta2) lib/rack/runtime.rb:18:in `call'
  activesupport (4.2.0.rc2) lib/active_support/cache/strategy/local_cache_middleware.rb:28:in `call'
  rack (1.6.0.beta2) lib/rack/lock.rb:17:in `call'
  actionpack (4.2.0.rc2) lib/action_dispatch/middleware/static.rb:113:in `call'
  rack (1.6.0.beta2) lib/rack/sendfile.rb:113:in `call'
  railties (4.2.0.rc2) lib/rails/engine.rb:518:in `call'
  railties (4.2.0.rc2) lib/rails/application.rb:164:in `call'
  rack (1.6.0.beta2) lib/rack/lock.rb:17:in `call'
  rack (1.6.0.beta2) lib/rack/content_length.rb:15:in `call'
  rack (1.6.0.beta2) lib/rack/handler/webrick.rb:89:in `service'
  /Users/timothyshull/.rbenv/versions/2.1.5/lib/ruby/2.1.0/webrick/httpserver.rb:138:in `service'
  /Users/timothyshull/.rbenv/versions/2.1.5/lib/ruby/2.1.0/webrick/httpserver.rb:94:in `run'
  /Users/timothyshull/.rbenv/versions/2.1.5/lib/ruby/2.1.0/webrick/server.rb:295:in `block in start_thread'


  Rendered /Users/timothyshull/.rbenv/versions/2.1.5/lib/ruby/gems/2.1.0/gems/web-console-2.0.0.beta3/lib/action_dispatch/templates/rescues/missing_template.html.erb within rescues/layout (0.4ms)


Started GET "/users/1" for ::1 at 2014-12-14 18:50:21 -0800
Processing by UsersController#show as HTML
  Parameters: {"id"=>"1"}
  [1m[36mUser Load (0.1ms)[0m  [1mSELECT  "users".* FROM "users" WHERE "users"."id" = ? LIMIT 1[0m  [["id", 1]]
  Rendered users/show.html.erb within layouts/application (0.5ms)
  Rendered layouts/_shim.html.erb (0.0ms)
  [1m[35mUser Load (0.1ms)[0m  SELECT  "users".* FROM "users" WHERE "users"."id" = ? LIMIT 1  [["id", 1]]
  Rendered layouts/_header.html.erb (0.8ms)
  Rendered layouts/_footer.html.erb (0.1ms)
Completed 200 OK in 130ms (Views: 129.1ms | ActiveRecord: 0.2ms)


Started GET "/" for ::1 at 2014-12-14 18:50:26 -0800
Processing by StaticPagesController#home as HTML
  Rendered static_pages/home.html.erb within layouts/application (0.4ms)
  Rendered layouts/_shim.html.erb (0.0ms)
  [1m[36mUser Load (0.1ms)[0m  [1mSELECT  "users".* FROM "users" WHERE "users"."id" = ? LIMIT 1[0m  [["id", 1]]
  Rendered layouts/_header.html.erb (0.8ms)
  Rendered layouts/_footer.html.erb (0.1ms)
Completed 200 OK in 123ms (Views: 122.5ms | ActiveRecord: 0.1ms)


Started GET "/assets/rails.png" for ::1 at 2014-12-14 18:50:26 -0800


Started DELETE "/logout" for ::1 at 2014-12-14 18:50:32 -0800
Processing by SessionsController#destroy as HTML
  Parameters: {"authenticity_token"=>"ET2Ais4dqZ+EPVc0lkQk89nGxrvg/2gnCsymdOIl6KEdayFgAp5+X3ye9LBwEU1ElLXTEtB3RtCbuTgIvE/Pbw=="}
Completed 500 Internal Server Error in 3ms

ActionView::MissingTemplate (Missing template sessions/destroy, application/destroy with {:locale=>[:en], :formats=>[:html], :variants=>[], :handlers=>[:erb, :builder, :raw, :ruby, :coffee, :jbuilder]}. Searched in:
  * "/Users/timothyshull/.rbenv/versions/2.1.5/lib/ruby/gems/2.1.0/gems/web-console-2.0.0.beta3/lib/action_dispatch/templates"
  * "/Users/timothyshull/Programming/WebDev/RubyRails/MyProjects/RailsTutCh3/app/views"
  * "/Users/timothyshull/.rbenv/versions/2.1.5/lib/ruby/gems/2.1.0/gems/web-console-2.0.0.beta3/app/views"
):
  actionview (4.2.0.rc2) lib/action_view/path_set.rb:46:in `find'
  actionview (4.2.0.rc2) lib/action_view/lookup_context.rb:121:in `find'
  actionview (4.2.0.rc2) lib/action_view/renderer/abstract_renderer.rb:18:in `find_template'
  actionview (4.2.0.rc2) lib/action_view/renderer/template_renderer.rb:40:in `determine_template'
  actionview (4.2.0.rc2) lib/action_view/renderer/template_renderer.rb:8:in `render'
  actionview (4.2.0.rc2) lib/action_view/renderer/renderer.rb:42:in `render_template'
  actionview (4.2.0.rc2) lib/action_view/renderer/renderer.rb:23:in `render'
  actionview (4.2.0.rc2) lib/action_view/rendering.rb:100:in `_render_template'
  actionpack (4.2.0.rc2) lib/action_controller/metal/streaming.rb:217:in `_render_template'
  actionview (4.2.0.rc2) lib/action_view/rendering.rb:83:in `render_to_body'
  actionpack (4.2.0.rc2) lib/action_controller/metal/rendering.rb:32:in `render_to_body'
  actionpack (4.2.0.rc2) lib/action_controller/metal/renderers.rb:37:in `render_to_body'
  actionpack (4.2.0.rc2) lib/abstract_controller/rendering.rb:25:in `render'
  actionpack (4.2.0.rc2) lib/action_controller/metal/rendering.rb:16:in `render'
  actionpack (4.2.0.rc2) lib/action_controller/metal/instrumentation.rb:41:in `block (2 levels) in render'
  activesupport (4.2.0.rc2) lib/active_support/core_ext/benchmark.rb:12:in `block in ms'
  /Users/timothyshull/.rbenv/versions/2.1.5/lib/ruby/2.1.0/benchmark.rb:294:in `realtime'
  activesupport (4.2.0.rc2) lib/active_support/core_ext/benchmark.rb:12:in `ms'
  actionpack (4.2.0.rc2) lib/action_controller/metal/instrumentation.rb:41:in `block in render'
  actionpack (4.2.0.rc2) lib/action_controller/metal/instrumentation.rb:84:in `cleanup_view_runtime'
  activerecord (4.2.0.rc2) lib/active_record/railties/controller_runtime.rb:25:in `cleanup_view_runtime'
  actionpack (4.2.0.rc2) lib/action_controller/metal/instrumentation.rb:40:in `render'
  actionpack (4.2.0.rc2) lib/action_controller/metal/implicit_render.rb:10:in `default_render'
  actionpack (4.2.0.rc2) lib/action_controller/metal/implicit_render.rb:5:in `send_action'
  actionpack (4.2.0.rc2) lib/abstract_controller/base.rb:198:in `process_action'
  actionpack (4.2.0.rc2) lib/action_controller/metal/rendering.rb:10:in `process_action'
  actionpack (4.2.0.rc2) lib/abstract_controller/callbacks.rb:20:in `block in process_action'
  activesupport (4.2.0.rc2) lib/active_support/callbacks.rb:117:in `call'
  activesupport (4.2.0.rc2) lib/active_support/callbacks.rb:117:in `call'
  activesupport (4.2.0.rc2) lib/active_support/callbacks.rb:234:in `block in halting'
  activesupport (4.2.0.rc2) lib/active_support/callbacks.rb:234:in `call'
  activesupport (4.2.0.rc2) lib/active_support/callbacks.rb:234:in `block in halting'
  activesupport (4.2.0.rc2) lib/active_support/callbacks.rb:169:in `call'
  activesupport (4.2.0.rc2) lib/active_support/callbacks.rb:169:in `block in halting'
  activesupport (4.2.0.rc2) lib/active_support/callbacks.rb:169:in `call'
  activesupport (4.2.0.rc2) lib/active_support/callbacks.rb:169:in `block in halting'
  activesupport (4.2.0.rc2) lib/active_support/callbacks.rb:169:in `call'
  activesupport (4.2.0.rc2) lib/active_support/callbacks.rb:169:in `block in halting'
  activesupport (4.2.0.rc2) lib/active_support/callbacks.rb:92:in `call'
  activesupport (4.2.0.rc2) lib/active_support/callbacks.rb:92:in `_run_callbacks'
  activesupport (4.2.0.rc2) lib/active_support/callbacks.rb:734:in `_run_process_action_callbacks'
  activesupport (4.2.0.rc2) lib/active_support/callbacks.rb:81:in `run_callbacks'
  actionpack (4.2.0.rc2) lib/abstract_controller/callbacks.rb:19:in `process_action'
  actionpack (4.2.0.rc2) lib/action_controller/metal/rescue.rb:29:in `process_action'
  actionpack (4.2.0.rc2) lib/action_controller/metal/instrumentation.rb:31:in `block in process_action'
  activesupport (4.2.0.rc2) lib/active_support/notifications.rb:164:in `block in instrument'
  activesupport (4.2.0.rc2) lib/active_support/notifications/instrumenter.rb:20:in `instrument'
  activesupport (4.2.0.rc2) lib/active_support/notifications.rb:164:in `instrument'
  actionpack (4.2.0.rc2) lib/action_controller/metal/instrumentation.rb:30:in `process_action'
  actionpack (4.2.0.rc2) lib/action_controller/metal/params_wrapper.rb:250:in `process_action'
  activerecord (4.2.0.rc2) lib/active_record/railties/controller_runtime.rb:18:in `process_action'
  actionpack (4.2.0.rc2) lib/abstract_controller/base.rb:137:in `process'
  actionview (4.2.0.rc2) lib/action_view/rendering.rb:30:in `process'
  actionpack (4.2.0.rc2) lib/action_controller/metal.rb:195:in `dispatch'
  actionpack (4.2.0.rc2) lib/action_controller/metal/rack_delegation.rb:13:in `dispatch'
  actionpack (4.2.0.rc2) lib/action_controller/metal.rb:236:in `block in action'
  actionpack (4.2.0.rc2) lib/action_dispatch/routing/route_set.rb:73:in `call'
  actionpack (4.2.0.rc2) lib/action_dispatch/routing/route_set.rb:73:in `dispatch'
  actionpack (4.2.0.rc2) lib/action_dispatch/routing/route_set.rb:42:in `serve'
  actionpack (4.2.0.rc2) lib/action_dispatch/journey/router.rb:43:in `block in serve'
  actionpack (4.2.0.rc2) lib/action_dispatch/journey/router.rb:30:in `each'
  actionpack (4.2.0.rc2) lib/action_dispatch/journey/router.rb:30:in `serve'
  actionpack (4.2.0.rc2) lib/action_dispatch/routing/route_set.rb:802:in `call'
  rack (1.6.0.beta2) lib/rack/etag.rb:24:in `call'
  rack (1.6.0.beta2) lib/rack/conditionalget.rb:38:in `call'
  rack (1.6.0.beta2) lib/rack/head.rb:13:in `call'
  actionpack (4.2.0.rc2) lib/action_dispatch/middleware/params_parser.rb:27:in `call'
  actionpack (4.2.0.rc2) lib/action_dispatch/middleware/flash.rb:260:in `call'
  rack (1.6.0.beta2) lib/rack/session/abstract/id.rb:225:in `context'
  rack (1.6.0.beta2) lib/rack/session/abstract/id.rb:220:in `call'
  actionpack (4.2.0.rc2) lib/action_dispatch/middleware/cookies.rb:560:in `call'
  activerecord (4.2.0.rc2) lib/active_record/query_cache.rb:36:in `call'
  activerecord (4.2.0.rc2) lib/active_record/connection_adapters/abstract/connection_pool.rb:647:in `call'
  activerecord (4.2.0.rc2) lib/active_record/migration.rb:378:in `call'
  actionpack (4.2.0.rc2) lib/action_dispatch/middleware/callbacks.rb:29:in `block in call'
  activesupport (4.2.0.rc2) lib/active_support/callbacks.rb:88:in `call'
  activesupport (4.2.0.rc2) lib/active_support/callbacks.rb:88:in `_run_callbacks'
  activesupport (4.2.0.rc2) lib/active_support/callbacks.rb:734:in `_run_call_callbacks'
  activesupport (4.2.0.rc2) lib/active_support/callbacks.rb:81:in `run_callbacks'
  actionpack (4.2.0.rc2) lib/action_dispatch/middleware/callbacks.rb:27:in `call'
  actionpack (4.2.0.rc2) lib/action_dispatch/middleware/reloader.rb:73:in `call'
  actionpack (4.2.0.rc2) lib/action_dispatch/middleware/remote_ip.rb:78:in `call'
  web-console (2.0.0.beta3) lib/action_dispatch/debug_exceptions.rb:18:in `middleware_call'
  web-console (2.0.0.beta3) lib/action_dispatch/debug_exceptions.rb:13:in `call'
  actionpack (4.2.0.rc2) lib/action_dispatch/middleware/show_exceptions.rb:30:in `call'
  railties (4.2.0.rc2) lib/rails/rack/logger.rb:38:in `call_app'
  railties (4.2.0.rc2) lib/rails/rack/logger.rb:20:in `block in call'
  activesupport (4.2.0.rc2) lib/active_support/tagged_logging.rb:68:in `block in tagged'
  activesupport (4.2.0.rc2) lib/active_support/tagged_logging.rb:26:in `tagged'
  activesupport (4.2.0.rc2) lib/active_support/tagged_logging.rb:68:in `tagged'
  railties (4.2.0.rc2) lib/rails/rack/logger.rb:20:in `call'
  actionpack (4.2.0.rc2) lib/action_dispatch/middleware/request_id.rb:21:in `call'
  rack (1.6.0.beta2) lib/rack/methodoverride.rb:22:in `call'
  rack (1.6.0.beta2) lib/rack/runtime.rb:18:in `call'
  activesupport (4.2.0.rc2) lib/active_support/cache/strategy/local_cache_middleware.rb:28:in `call'
  rack (1.6.0.beta2) lib/rack/lock.rb:17:in `call'
  actionpack (4.2.0.rc2) lib/action_dispatch/middleware/static.rb:113:in `call'
  rack (1.6.0.beta2) lib/rack/sendfile.rb:113:in `call'
  railties (4.2.0.rc2) lib/rails/engine.rb:518:in `call'
  railties (4.2.0.rc2) lib/rails/application.rb:164:in `call'
  rack (1.6.0.beta2) lib/rack/lock.rb:17:in `call'
  rack (1.6.0.beta2) lib/rack/content_length.rb:15:in `call'
  rack (1.6.0.beta2) lib/rack/handler/webrick.rb:89:in `service'
  /Users/timothyshull/.rbenv/versions/2.1.5/lib/ruby/2.1.0/webrick/httpserver.rb:138:in `service'
  /Users/timothyshull/.rbenv/versions/2.1.5/lib/ruby/2.1.0/webrick/httpserver.rb:94:in `run'
  /Users/timothyshull/.rbenv/versions/2.1.5/lib/ruby/2.1.0/webrick/server.rb:295:in `block in start_thread'


  Rendered /Users/timothyshull/.rbenv/versions/2.1.5/lib/ruby/gems/2.1.0/gems/web-console-2.0.0.beta3/lib/action_dispatch/templates/rescues/missing_template.html.erb within rescues/layout (0.3ms)


Started GET "/about" for ::1 at 2014-12-14 18:50:41 -0800
Processing by StaticPagesController#about as HTML
  Rendered static_pages/about.html.erb within layouts/application (0.4ms)
  Rendered layouts/_shim.html.erb (0.0ms)
  [1m[35mUser Load (0.1ms)[0m  SELECT  "users".* FROM "users" WHERE "users"."id" = ? LIMIT 1  [["id", 1]]
  Rendered layouts/_header.html.erb (0.8ms)
  Rendered layouts/_footer.html.erb (0.1ms)
Completed 200 OK in 124ms (Views: 123.8ms | ActiveRecord: 0.1ms)


Started GET "/contact" for ::1 at 2014-12-14 18:50:43 -0800
Processing by StaticPagesController#contact as HTML
  Rendered static_pages/contact.html.erb within layouts/application (0.5ms)
  Rendered layouts/_shim.html.erb (0.0ms)
  [1m[36mUser Load (0.1ms)[0m  [1mSELECT  "users".* FROM "users" WHERE "users"."id" = ? LIMIT 1[0m  [["id", 1]]
  Rendered layouts/_header.html.erb (0.8ms)
  Rendered layouts/_footer.html.erb (0.1ms)
Completed 200 OK in 124ms (Views: 123.3ms | ActiveRecord: 0.1ms)


Started GET "/" for ::1 at 2014-12-14 18:50:48 -0800
Processing by StaticPagesController#home as HTML
  Rendered static_pages/home.html.erb within layouts/application (0.5ms)
  Rendered layouts/_shim.html.erb (0.0ms)
  [1m[35mUser Load (0.1ms)[0m  SELECT  "users".* FROM "users" WHERE "users"."id" = ? LIMIT 1  [["id", 1]]
  Rendered layouts/_header.html.erb (0.7ms)
  Rendered layouts/_footer.html.erb (0.1ms)
Completed 200 OK in 120ms (Views: 119.6ms | ActiveRecord: 0.1ms)


Started GET "/assets/rails.png" for ::1 at 2014-12-14 18:50:48 -0800


Started GET "/" for ::1 at 2014-12-14 18:51:21 -0800
  [1m[36mActiveRecord::SchemaMigration Load (0.1ms)[0m  [1mSELECT "schema_migrations".* FROM "schema_migrations"[0m
Processing by StaticPagesController#home as HTML
  Rendered static_pages/home.html.erb within layouts/application (2.5ms)
  Rendered layouts/_shim.html.erb (0.3ms)
  [1m[35mUser Load (0.1ms)[0m  SELECT  "users".* FROM "users" WHERE "users"."id" = ? LIMIT 1  [["id", 1]]
  Rendered layouts/_header.html.erb (12.5ms)
  Rendered layouts/_footer.html.erb (0.4ms)
Completed 200 OK in 208ms (Views: 200.2ms | ActiveRecord: 0.4ms)


Started GET "/assets/custom.css?body=1" for ::1 at 2014-12-14 18:51:21 -0800


Started GET "/assets/sessions.css?body=1" for ::1 at 2014-12-14 18:51:21 -0800


Started GET "/assets/static_pages.css?body=1" for ::1 at 2014-12-14 18:51:21 -0800


Started GET "/assets/application.css?body=1" for ::1 at 2014-12-14 18:51:21 -0800


Started GET "/assets/scaffolds.css?body=1" for ::1 at 2014-12-14 18:51:21 -0800


Started GET "/assets/users.css?body=1" for ::1 at 2014-12-14 18:51:21 -0800


Started GET "/assets/jquery.js?body=1" for ::1 at 2014-12-14 18:51:21 -0800


Started GET "/assets/jquery_ujs.js?body=1" for ::1 at 2014-12-14 18:51:21 -0800


Started GET "/assets/bootstrap.js?body=1" for ::1 at 2014-12-14 18:51:21 -0800


Started GET "/assets/turbolinks.js?body=1" for ::1 at 2014-12-14 18:51:21 -0800


Started GET "/assets/sessions.js?body=1" for ::1 at 2014-12-14 18:51:21 -0800


Started GET "/assets/static_pages.js?body=1" for ::1 at 2014-12-14 18:51:21 -0800


Started GET "/assets/users.js?body=1" for ::1 at 2014-12-14 18:51:21 -0800


Started GET "/assets/application.js?body=1" for ::1 at 2014-12-14 18:51:21 -0800


Started GET "/assets/rails.png" for ::1 at 2014-12-14 18:51:21 -0800


Started GET "/help" for ::1 at 2014-12-14 18:51:27 -0800
Processing by StaticPagesController#help as HTML
  Rendered static_pages/help.html.erb within layouts/application (0.4ms)
  Rendered layouts/_shim.html.erb (0.3ms)
  [1m[36mUser Load (0.1ms)[0m  [1mSELECT  "users".* FROM "users" WHERE "users"."id" = ? LIMIT 1[0m  [["id", 1]]
  Rendered layouts/_header.html.erb (1.2ms)
  Rendered layouts/_footer.html.erb (0.3ms)
Completed 200 OK in 121ms (Views: 120.7ms | ActiveRecord: 0.1ms)


Started GET "/" for ::1 at 2014-12-14 18:51:28 -0800
Processing by StaticPagesController#home as HTML
  Rendered static_pages/home.html.erb within layouts/application (0.8ms)
  Rendered layouts/_shim.html.erb (0.0ms)
  [1m[35mUser Load (0.1ms)[0m  SELECT  "users".* FROM "users" WHERE "users"."id" = ? LIMIT 1  [["id", 1]]
  Rendered layouts/_header.html.erb (0.7ms)
  Rendered layouts/_footer.html.erb (0.1ms)
Completed 200 OK in 117ms (Views: 116.6ms | ActiveRecord: 0.1ms)


Started GET "/users/1" for ::1 at 2014-12-14 18:51:31 -0800
Processing by UsersController#show as HTML
  Parameters: {"id"=>"1"}
  [1m[36mUser Load (0.1ms)[0m  [1mSELECT  "users".* FROM "users" WHERE "users"."id" = ? LIMIT 1[0m  [["id", 1]]
  Rendered users/show.html.erb within layouts/application (0.5ms)
  Rendered layouts/_shim.html.erb (0.0ms)
  [1m[35mUser Load (0.1ms)[0m  SELECT  "users".* FROM "users" WHERE "users"."id" = ? LIMIT 1  [["id", 1]]
  Rendered layouts/_header.html.erb (0.8ms)
  Rendered layouts/_footer.html.erb (0.1ms)
Completed 200 OK in 135ms (Views: 133.6ms | ActiveRecord: 0.2ms)


Started GET "/" for ::1 at 2014-12-14 18:51:35 -0800
Processing by StaticPagesController#home as HTML
  Rendered static_pages/home.html.erb within layouts/application (0.3ms)
  Rendered layouts/_shim.html.erb (0.0ms)
  [1m[36mUser Load (0.1ms)[0m  [1mSELECT  "users".* FROM "users" WHERE "users"."id" = ? LIMIT 1[0m  [["id", 1]]
  Rendered layouts/_header.html.erb (0.8ms)
  Rendered layouts/_footer.html.erb (0.1ms)
Completed 200 OK in 124ms (Views: 123.9ms | ActiveRecord: 0.1ms)


Started GET "/signup" for ::1 at 2014-12-14 18:51:37 -0800
Processing by UsersController#new as HTML
  Rendered shared/_error_messages.html.erb (2.0ms)
  Rendered users/new.html.erb within layouts/application (15.4ms)
  Rendered layouts/_shim.html.erb (0.0ms)
  [1m[35mUser Load (0.1ms)[0m  SELECT  "users".* FROM "users" WHERE "users"."id" = ? LIMIT 1  [["id", 1]]
  Rendered layouts/_header.html.erb (0.8ms)
  Rendered layouts/_footer.html.erb (0.1ms)
Completed 200 OK in 135ms (Views: 134.5ms | ActiveRecord: 0.1ms)


Started GET "/help" for ::1 at 2014-12-14 18:51:43 -0800
Processing by StaticPagesController#help as HTML
  Rendered static_pages/help.html.erb within layouts/application (0.1ms)
  Rendered layouts/_shim.html.erb (0.0ms)
  [1m[36mUser Load (0.1ms)[0m  [1mSELECT  "users".* FROM "users" WHERE "users"."id" = ? LIMIT 1[0m  [["id", 1]]
  Rendered layouts/_header.html.erb (0.8ms)
  Rendered layouts/_footer.html.erb (0.2ms)
Completed 200 OK in 128ms (Views: 127.7ms | ActiveRecord: 0.1ms)


Started GET "/" for ::1 at 2014-12-14 18:51:44 -0800
Processing by StaticPagesController#home as HTML
  Rendered static_pages/home.html.erb within layouts/application (0.3ms)
  Rendered layouts/_shim.html.erb (0.0ms)
  [1m[35mUser Load (0.1ms)[0m  SELECT  "users".* FROM "users" WHERE "users"."id" = ? LIMIT 1  [["id", 1]]
  Rendered layouts/_header.html.erb (0.7ms)
  Rendered layouts/_footer.html.erb (0.1ms)
Completed 200 OK in 130ms (Views: 129.5ms | ActiveRecord: 0.1ms)


Started DELETE "/logout" for ::1 at 2014-12-14 18:51:48 -0800
Processing by SessionsController#destroy as HTML
  Parameters: {"authenticity_token"=>"z18w5RmlwNKpLiwlwzQerql0JieMC02Hs54w4HCpB7XDCZEP1SYXElGNj6ElYXcZ5AczjryDY3Ai666cLsMgew=="}
Completed 500 Internal Server Error in 7ms

ActionView::MissingTemplate (Missing template sessions/destroy, application/destroy with {:locale=>[:en], :formats=>[:html], :variants=>[], :handlers=>[:erb, :builder, :raw, :ruby, :coffee, :jbuilder]}. Searched in:
  * "/Users/timothyshull/.rbenv/versions/2.1.5/lib/ruby/gems/2.1.0/gems/web-console-2.0.0.beta3/lib/action_dispatch/templates"
  * "/Users/timothyshull/Programming/WebDev/RubyRails/MyProjects/RailsTutCh3/app/views"
  * "/Users/timothyshull/.rbenv/versions/2.1.5/lib/ruby/gems/2.1.0/gems/web-console-2.0.0.beta3/app/views"
):
  actionview (4.2.0.rc2) lib/action_view/path_set.rb:46:in `find'
  actionview (4.2.0.rc2) lib/action_view/lookup_context.rb:121:in `find'
  actionview (4.2.0.rc2) lib/action_view/renderer/abstract_renderer.rb:18:in `find_template'
  actionview (4.2.0.rc2) lib/action_view/renderer/template_renderer.rb:40:in `determine_template'
  actionview (4.2.0.rc2) lib/action_view/renderer/template_renderer.rb:8:in `render'
  actionview (4.2.0.rc2) lib/action_view/renderer/renderer.rb:42:in `render_template'
  actionview (4.2.0.rc2) lib/action_view/renderer/renderer.rb:23:in `render'
  actionview (4.2.0.rc2) lib/action_view/rendering.rb:100:in `_render_template'
  actionpack (4.2.0.rc2) lib/action_controller/metal/streaming.rb:217:in `_render_template'
  actionview (4.2.0.rc2) lib/action_view/rendering.rb:83:in `render_to_body'
  actionpack (4.2.0.rc2) lib/action_controller/metal/rendering.rb:32:in `render_to_body'
  actionpack (4.2.0.rc2) lib/action_controller/metal/renderers.rb:37:in `render_to_body'
  actionpack (4.2.0.rc2) lib/abstract_controller/rendering.rb:25:in `render'
  actionpack (4.2.0.rc2) lib/action_controller/metal/rendering.rb:16:in `render'
  actionpack (4.2.0.rc2) lib/action_controller/metal/instrumentation.rb:41:in `block (2 levels) in render'
  activesupport (4.2.0.rc2) lib/active_support/core_ext/benchmark.rb:12:in `block in ms'
  /Users/timothyshull/.rbenv/versions/2.1.5/lib/ruby/2.1.0/benchmark.rb:294:in `realtime'
  activesupport (4.2.0.rc2) lib/active_support/core_ext/benchmark.rb:12:in `ms'
  actionpack (4.2.0.rc2) lib/action_controller/metal/instrumentation.rb:41:in `block in render'
  actionpack (4.2.0.rc2) lib/action_controller/metal/instrumentation.rb:84:in `cleanup_view_runtime'
  activerecord (4.2.0.rc2) lib/active_record/railties/controller_runtime.rb:25:in `cleanup_view_runtime'
  actionpack (4.2.0.rc2) lib/action_controller/metal/instrumentation.rb:40:in `render'
  actionpack (4.2.0.rc2) lib/action_controller/metal/implicit_render.rb:10:in `default_render'
  actionpack (4.2.0.rc2) lib/action_controller/metal/implicit_render.rb:5:in `send_action'
  actionpack (4.2.0.rc2) lib/abstract_controller/base.rb:198:in `process_action'
  actionpack (4.2.0.rc2) lib/action_controller/metal/rendering.rb:10:in `process_action'
  actionpack (4.2.0.rc2) lib/abstract_controller/callbacks.rb:20:in `block in process_action'
  activesupport (4.2.0.rc2) lib/active_support/callbacks.rb:117:in `call'
  activesupport (4.2.0.rc2) lib/active_support/callbacks.rb:117:in `call'
  activesupport (4.2.0.rc2) lib/active_support/callbacks.rb:234:in `block in halting'
  activesupport (4.2.0.rc2) lib/active_support/callbacks.rb:234:in `call'
  activesupport (4.2.0.rc2) lib/active_support/callbacks.rb:234:in `block in halting'
  activesupport (4.2.0.rc2) lib/active_support/callbacks.rb:169:in `call'
  activesupport (4.2.0.rc2) lib/active_support/callbacks.rb:169:in `block in halting'
  activesupport (4.2.0.rc2) lib/active_support/callbacks.rb:169:in `call'
  activesupport (4.2.0.rc2) lib/active_support/callbacks.rb:169:in `block in halting'
  activesupport (4.2.0.rc2) lib/active_support/callbacks.rb:169:in `call'
  activesupport (4.2.0.rc2) lib/active_support/callbacks.rb:169:in `block in halting'
  activesupport (4.2.0.rc2) lib/active_support/callbacks.rb:92:in `call'
  activesupport (4.2.0.rc2) lib/active_support/callbacks.rb:92:in `_run_callbacks'
  activesupport (4.2.0.rc2) lib/active_support/callbacks.rb:734:in `_run_process_action_callbacks'
  activesupport (4.2.0.rc2) lib/active_support/callbacks.rb:81:in `run_callbacks'
  actionpack (4.2.0.rc2) lib/abstract_controller/callbacks.rb:19:in `process_action'
  actionpack (4.2.0.rc2) lib/action_controller/metal/rescue.rb:29:in `process_action'
  actionpack (4.2.0.rc2) lib/action_controller/metal/instrumentation.rb:31:in `block in process_action'
  activesupport (4.2.0.rc2) lib/active_support/notifications.rb:164:in `block in instrument'
  activesupport (4.2.0.rc2) lib/active_support/notifications/instrumenter.rb:20:in `instrument'
  activesupport (4.2.0.rc2) lib/active_support/notifications.rb:164:in `instrument'
  actionpack (4.2.0.rc2) lib/action_controller/metal/instrumentation.rb:30:in `process_action'
  actionpack (4.2.0.rc2) lib/action_controller/metal/params_wrapper.rb:250:in `process_action'
  activerecord (4.2.0.rc2) lib/active_record/railties/controller_runtime.rb:18:in `process_action'
  actionpack (4.2.0.rc2) lib/abstract_controller/base.rb:137:in `process'
  actionview (4.2.0.rc2) lib/action_view/rendering.rb:30:in `process'
  actionpack (4.2.0.rc2) lib/action_controller/metal.rb:195:in `dispatch'
  actionpack (4.2.0.rc2) lib/action_controller/metal/rack_delegation.rb:13:in `dispatch'
  actionpack (4.2.0.rc2) lib/action_controller/metal.rb:236:in `block in action'
  actionpack (4.2.0.rc2) lib/action_dispatch/routing/route_set.rb:73:in `call'
  actionpack (4.2.0.rc2) lib/action_dispatch/routing/route_set.rb:73:in `dispatch'
  actionpack (4.2.0.rc2) lib/action_dispatch/routing/route_set.rb:42:in `serve'
  actionpack (4.2.0.rc2) lib/action_dispatch/journey/router.rb:43:in `block in serve'
  actionpack (4.2.0.rc2) lib/action_dispatch/journey/router.rb:30:in `each'
  actionpack (4.2.0.rc2) lib/action_dispatch/journey/router.rb:30:in `serve'
  actionpack (4.2.0.rc2) lib/action_dispatch/routing/route_set.rb:802:in `call'
  rack (1.6.0.beta2) lib/rack/etag.rb:24:in `call'
  rack (1.6.0.beta2) lib/rack/conditionalget.rb:38:in `call'
  rack (1.6.0.beta2) lib/rack/head.rb:13:in `call'
  actionpack (4.2.0.rc2) lib/action_dispatch/middleware/params_parser.rb:27:in `call'
  actionpack (4.2.0.rc2) lib/action_dispatch/middleware/flash.rb:260:in `call'
  rack (1.6.0.beta2) lib/rack/session/abstract/id.rb:225:in `context'
  rack (1.6.0.beta2) lib/rack/session/abstract/id.rb:220:in `call'
  actionpack (4.2.0.rc2) lib/action_dispatch/middleware/cookies.rb:560:in `call'
  activerecord (4.2.0.rc2) lib/active_record/query_cache.rb:36:in `call'
  activerecord (4.2.0.rc2) lib/active_record/connection_adapters/abstract/connection_pool.rb:647:in `call'
  activerecord (4.2.0.rc2) lib/active_record/migration.rb:378:in `call'
  actionpack (4.2.0.rc2) lib/action_dispatch/middleware/callbacks.rb:29:in `block in call'
  activesupport (4.2.0.rc2) lib/active_support/callbacks.rb:88:in `call'
  activesupport (4.2.0.rc2) lib/active_support/callbacks.rb:88:in `_run_callbacks'
  activesupport (4.2.0.rc2) lib/active_support/callbacks.rb:734:in `_run_call_callbacks'
  activesupport (4.2.0.rc2) lib/active_support/callbacks.rb:81:in `run_callbacks'
  actionpack (4.2.0.rc2) lib/action_dispatch/middleware/callbacks.rb:27:in `call'
  actionpack (4.2.0.rc2) lib/action_dispatch/middleware/reloader.rb:73:in `call'
  actionpack (4.2.0.rc2) lib/action_dispatch/middleware/remote_ip.rb:78:in `call'
  web-console (2.0.0.beta3) lib/action_dispatch/debug_exceptions.rb:18:in `middleware_call'
  web-console (2.0.0.beta3) lib/action_dispatch/debug_exceptions.rb:13:in `call'
  actionpack (4.2.0.rc2) lib/action_dispatch/middleware/show_exceptions.rb:30:in `call'
  railties (4.2.0.rc2) lib/rails/rack/logger.rb:38:in `call_app'
  railties (4.2.0.rc2) lib/rails/rack/logger.rb:20:in `block in call'
  activesupport (4.2.0.rc2) lib/active_support/tagged_logging.rb:68:in `block in tagged'
  activesupport (4.2.0.rc2) lib/active_support/tagged_logging.rb:26:in `tagged'
  activesupport (4.2.0.rc2) lib/active_support/tagged_logging.rb:68:in `tagged'
  railties (4.2.0.rc2) lib/rails/rack/logger.rb:20:in `call'
  actionpack (4.2.0.rc2) lib/action_dispatch/middleware/request_id.rb:21:in `call'
  rack (1.6.0.beta2) lib/rack/methodoverride.rb:22:in `call'
  rack (1.6.0.beta2) lib/rack/runtime.rb:18:in `call'
  activesupport (4.2.0.rc2) lib/active_support/cache/strategy/local_cache_middleware.rb:28:in `call'
  rack (1.6.0.beta2) lib/rack/lock.rb:17:in `call'
  actionpack (4.2.0.rc2) lib/action_dispatch/middleware/static.rb:113:in `call'
  rack (1.6.0.beta2) lib/rack/sendfile.rb:113:in `call'
  railties (4.2.0.rc2) lib/rails/engine.rb:518:in `call'
  railties (4.2.0.rc2) lib/rails/application.rb:164:in `call'
  rack (1.6.0.beta2) lib/rack/lock.rb:17:in `call'
  rack (1.6.0.beta2) lib/rack/content_length.rb:15:in `call'
  rack (1.6.0.beta2) lib/rack/handler/webrick.rb:89:in `service'
  /Users/timothyshull/.rbenv/versions/2.1.5/lib/ruby/2.1.0/webrick/httpserver.rb:138:in `service'
  /Users/timothyshull/.rbenv/versions/2.1.5/lib/ruby/2.1.0/webrick/httpserver.rb:94:in `run'
  /Users/timothyshull/.rbenv/versions/2.1.5/lib/ruby/2.1.0/webrick/server.rb:295:in `block in start_thread'


  Rendered /Users/timothyshull/.rbenv/versions/2.1.5/lib/ruby/gems/2.1.0/gems/web-console-2.0.0.beta3/lib/action_dispatch/templates/rescues/missing_template.html.erb within rescues/layout (0.5ms)


Started GET "/signup" for ::1 at 2014-12-14 18:51:55 -0800
Processing by UsersController#new as HTML
  Rendered shared/_error_messages.html.erb (0.0ms)
  Rendered users/new.html.erb within layouts/application (3.0ms)
  Rendered layouts/_shim.html.erb (0.0ms)
  [1m[36mUser Load (0.1ms)[0m  [1mSELECT  "users".* FROM "users" WHERE "users"."id" = ? LIMIT 1[0m  [["id", 1]]
  Rendered layouts/_header.html.erb (0.9ms)
  Rendered layouts/_footer.html.erb (0.1ms)
Completed 200 OK in 127ms (Views: 126.6ms | ActiveRecord: 0.1ms)


Started GET "/" for ::1 at 2014-12-14 22:31:09 -0800
  [1m[36mActiveRecord::SchemaMigration Load (0.5ms)[0m  [1mSELECT "schema_migrations".* FROM "schema_migrations"[0m
Processing by StaticPagesController#home as HTML
  Rendered static_pages/home.html.erb within layouts/application (3.4ms)
  Rendered layouts/_shim.html.erb (0.3ms)
  [1m[35mUser Load (0.6ms)[0m  SELECT  "users".* FROM "users" WHERE "users"."id" IS NULL LIMIT 1
  Rendered layouts/_header.html.erb (13.5ms)
  Rendered layouts/_footer.html.erb (0.4ms)
Completed 200 OK in 266ms (Views: 257.2ms | ActiveRecord: 0.7ms)


Started GET "/assets/custom.css?body=1" for ::1 at 2014-12-14 22:31:10 -0800


Started GET "/assets/scaffolds.css?body=1" for ::1 at 2014-12-14 22:31:10 -0800


Started GET "/assets/sessions.css?body=1" for ::1 at 2014-12-14 22:31:10 -0800


Started GET "/assets/static_pages.css?body=1" for ::1 at 2014-12-14 22:31:10 -0800


Started GET "/assets/users.css?body=1" for ::1 at 2014-12-14 22:31:10 -0800


Started GET "/assets/application.css?body=1" for ::1 at 2014-12-14 22:31:10 -0800


Started GET "/assets/jquery.js?body=1" for ::1 at 2014-12-14 22:31:10 -0800


Started GET "/assets/jquery_ujs.js?body=1" for ::1 at 2014-12-14 22:31:10 -0800


Started GET "/assets/bootstrap.js?body=1" for ::1 at 2014-12-14 22:31:10 -0800


Started GET "/assets/turbolinks.js?body=1" for ::1 at 2014-12-14 22:31:10 -0800


Started GET "/assets/sessions.js?body=1" for ::1 at 2014-12-14 22:31:10 -0800


Started GET "/assets/static_pages.js?body=1" for ::1 at 2014-12-14 22:31:10 -0800


Started GET "/assets/users.js?body=1" for ::1 at 2014-12-14 22:31:10 -0800


Started GET "/assets/application.js?body=1" for ::1 at 2014-12-14 22:31:10 -0800


Started GET "/assets/rails.png" for ::1 at 2014-12-14 22:31:10 -0800


Started GET "/signup" for ::1 at 2014-12-14 22:31:16 -0800
Processing by UsersController#new as HTML
  Rendered shared/_error_messages.html.erb (3.1ms)
  Rendered users/new.html.erb within layouts/application (22.5ms)
  Rendered layouts/_shim.html.erb (0.4ms)
  [1m[36mUser Load (0.2ms)[0m  [1mSELECT  "users".* FROM "users" WHERE "users"."id" IS NULL LIMIT 1[0m
  Rendered layouts/_header.html.erb (1.6ms)
  Rendered layouts/_footer.html.erb (0.5ms)
Completed 200 OK in 161ms (Views: 156.7ms | ActiveRecord: 0.4ms)


Started GET "/" for ::1 at 2014-12-14 22:31:18 -0800
Processing by StaticPagesController#home as HTML
  Rendered static_pages/home.html.erb within layouts/application (0.6ms)
  Rendered layouts/_shim.html.erb (0.0ms)
  [1m[35mUser Load (0.1ms)[0m  SELECT  "users".* FROM "users" WHERE "users"."id" IS NULL LIMIT 1
  Rendered layouts/_header.html.erb (0.8ms)
  Rendered layouts/_footer.html.erb (0.1ms)
Completed 200 OK in 121ms (Views: 120.0ms | ActiveRecord: 0.1ms)


Started GET "/help" for ::1 at 2014-12-14 22:31:20 -0800
Processing by StaticPagesController#help as HTML
  Rendered static_pages/help.html.erb within layouts/application (0.4ms)
  Rendered layouts/_shim.html.erb (0.0ms)
  [1m[36mUser Load (0.1ms)[0m  [1mSELECT  "users".* FROM "users" WHERE "users"."id" IS NULL LIMIT 1[0m
  Rendered layouts/_header.html.erb (0.9ms)
  Rendered layouts/_footer.html.erb (0.1ms)
Completed 200 OK in 132ms (Views: 131.4ms | ActiveRecord: 0.1ms)


Started GET "/login" for ::1 at 2014-12-14 22:31:21 -0800
Processing by SessionsController#new as HTML
  Rendered sessions/new.html.erb within layouts/application (1.3ms)
  Rendered layouts/_shim.html.erb (0.0ms)
  [1m[35mUser Load (0.1ms)[0m  SELECT  "users".* FROM "users" WHERE "users"."id" IS NULL LIMIT 1
  Rendered layouts/_header.html.erb (0.8ms)
  Rendered layouts/_footer.html.erb (0.1ms)
Completed 200 OK in 112ms (Views: 111.2ms | ActiveRecord: 0.1ms)


Started GET "/" for ::1 at 2014-12-14 22:31:23 -0800
Processing by StaticPagesController#home as HTML
  Rendered static_pages/home.html.erb within layouts/application (0.4ms)
  Rendered layouts/_shim.html.erb (0.0ms)
  [1m[36mUser Load (0.1ms)[0m  [1mSELECT  "users".* FROM "users" WHERE "users"."id" IS NULL LIMIT 1[0m
  Rendered layouts/_header.html.erb (0.8ms)
  Rendered layouts/_footer.html.erb (0.1ms)
Completed 200 OK in 135ms (Views: 133.9ms | ActiveRecord: 0.1ms)


Started GET "/signup" for ::1 at 2014-12-14 22:31:24 -0800
Processing by UsersController#new as HTML
  Rendered shared/_error_messages.html.erb (0.1ms)
  Rendered users/new.html.erb within layouts/application (2.8ms)
  Rendered layouts/_shim.html.erb (0.0ms)
  [1m[35mUser Load (0.2ms)[0m  SELECT  "users".* FROM "users" WHERE "users"."id" IS NULL LIMIT 1
  Rendered layouts/_header.html.erb (1.0ms)
  Rendered layouts/_footer.html.erb (0.2ms)
Completed 200 OK in 130ms (Views: 129.7ms | ActiveRecord: 0.2ms)


Started POST "/users" for ::1 at 2014-12-14 22:31:40 -0800
Processing by UsersController#create as HTML
  Parameters: {"utf8"=>"âœ“", "authenticity_token"=>"QPNli3+g6PCEk1xhB5+a4+Y7SlwKgHHS9eKnT7rqHsXCe7XSROwI4kRW4XsJMNXw8k5jH0qzXwcXL7RIWsy4Lw==", "user"=>{"name"=>"Timothy Shull", "email"=>"timothyshull@gmail.com", "password"=>"[FILTERED]", "password_confirmation"=>"[FILTERED]"}, "commit"=>"Create my account"}
  [1m[36m (0.1ms)[0m  [1mbegin transaction[0m
  [1m[35mUser Exists (0.5ms)[0m  SELECT  1 AS one FROM "users" WHERE LOWER("users"."email") = LOWER('timothyshull@gmail.com') LIMIT 1
  [1m[36m (0.1ms)[0m  [1mrollback transaction[0m
  Rendered shared/_error_messages.html.erb (0.9ms)
  Rendered users/new.html.erb within layouts/application (4.7ms)
  Rendered layouts/_shim.html.erb (0.0ms)
  [1m[35mUser Load (0.1ms)[0m  SELECT  "users".* FROM "users" WHERE "users"."id" IS NULL LIMIT 1
  Rendered layouts/_header.html.erb (0.9ms)
  Rendered layouts/_footer.html.erb (0.1ms)
Completed 200 OK in 212ms (Views: 131.5ms | ActiveRecord: 0.8ms)


Started GET "/assets/custom.css?body=1" for ::1 at 2014-12-14 22:31:40 -0800


Started GET "/assets/scaffolds.css?body=1" for ::1 at 2014-12-14 22:31:40 -0800


Started GET "/assets/static_pages.css?body=1" for ::1 at 2014-12-14 22:31:40 -0800


Started GET "/assets/sessions.css?body=1" for ::1 at 2014-12-14 22:31:40 -0800


Started GET "/assets/application.css?body=1" for ::1 at 2014-12-14 22:31:40 -0800


Started GET "/assets/users.css?body=1" for ::1 at 2014-12-14 22:31:40 -0800


Started GET "/assets/jquery.js?body=1" for ::1 at 2014-12-14 22:31:40 -0800


Started GET "/assets/jquery_ujs.js?body=1" for ::1 at 2014-12-14 22:31:40 -0800


Started GET "/assets/bootstrap.js?body=1" for ::1 at 2014-12-14 22:31:40 -0800


Started GET "/assets/turbolinks.js?body=1" for ::1 at 2014-12-14 22:31:40 -0800


Started GET "/assets/sessions.js?body=1" for ::1 at 2014-12-14 22:31:40 -0800


Started GET "/assets/static_pages.js?body=1" for ::1 at 2014-12-14 22:31:40 -0800


Started GET "/assets/users.js?body=1" for ::1 at 2014-12-14 22:31:40 -0800


Started GET "/assets/application.js?body=1" for ::1 at 2014-12-14 22:31:40 -0800


Started GET "/" for ::1 at 2014-12-14 22:31:44 -0800
Processing by StaticPagesController#home as HTML
  Rendered static_pages/home.html.erb within layouts/application (0.6ms)
  Rendered layouts/_shim.html.erb (0.0ms)
  [1m[36mUser Load (0.1ms)[0m  [1mSELECT  "users".* FROM "users" WHERE "users"."id" IS NULL LIMIT 1[0m
  Rendered layouts/_header.html.erb (0.8ms)
  Rendered layouts/_footer.html.erb (0.1ms)
Completed 200 OK in 135ms (Views: 134.6ms | ActiveRecord: 0.1ms)


Started GET "/assets/custom.css?body=1" for ::1 at 2014-12-14 22:31:45 -0800


Started GET "/assets/sessions.css?body=1" for ::1 at 2014-12-14 22:31:45 -0800


Started GET "/assets/application.css?body=1" for ::1 at 2014-12-14 22:31:45 -0800


Started GET "/assets/static_pages.css?body=1" for ::1 at 2014-12-14 22:31:45 -0800


Started GET "/assets/users.css?body=1" for ::1 at 2014-12-14 22:31:45 -0800


Started GET "/assets/jquery.js?body=1" for ::1 at 2014-12-14 22:31:45 -0800


Started GET "/assets/jquery_ujs.js?body=1" for ::1 at 2014-12-14 22:31:45 -0800


Started GET "/assets/bootstrap.js?body=1" for ::1 at 2014-12-14 22:31:45 -0800


Started GET "/assets/turbolinks.js?body=1" for ::1 at 2014-12-14 22:31:45 -0800


Started GET "/assets/sessions.js?body=1" for ::1 at 2014-12-14 22:31:45 -0800


Started GET "/assets/static_pages.js?body=1" for ::1 at 2014-12-14 22:31:45 -0800


Started GET "/assets/users.js?body=1" for ::1 at 2014-12-14 22:31:45 -0800


Started GET "/assets/application.js?body=1" for ::1 at 2014-12-14 22:31:45 -0800


Started GET "/assets/rails.png" for ::1 at 2014-12-14 22:31:45 -0800


Started GET "/assets/scaffolds.css?body=1" for ::1 at 2014-12-14 22:31:45 -0800


Started GET "/signup" for ::1 at 2014-12-14 22:31:46 -0800
Processing by UsersController#new as HTML
  Rendered shared/_error_messages.html.erb (0.1ms)
  Rendered users/new.html.erb within layouts/application (3.0ms)
  Rendered layouts/_shim.html.erb (0.0ms)
  [1m[35mUser Load (0.1ms)[0m  SELECT  "users".* FROM "users" WHERE "users"."id" IS NULL LIMIT 1
  Rendered layouts/_header.html.erb (0.9ms)
  Rendered layouts/_footer.html.erb (0.1ms)
Completed 200 OK in 132ms (Views: 130.9ms | ActiveRecord: 0.1ms)


Started POST "/users" for ::1 at 2014-12-14 22:32:01 -0800
Processing by UsersController#create as HTML
  Parameters: {"utf8"=>"âœ“", "authenticity_token"=>"kVJcMAMap2AM83ZtcBKZtVu12du+YRgJcvg9LZ9PAK0T2oxpOFZHcsw2y3d+vdamT8DwmP5SNtyQNS4qf2mmRw==", "user"=>{"name"=>"Will", "email"=>"will@will.com", "password"=>"[FILTERED]", "password_confirmation"=>"[FILTERED]"}, "commit"=>"Create my account"}
  [1m[36m (0.1ms)[0m  [1mbegin transaction[0m
  [1m[35mUser Exists (0.1ms)[0m  SELECT  1 AS one FROM "users" WHERE LOWER("users"."email") = LOWER('will@will.com') LIMIT 1
  [1m[36mSQL (0.8ms)[0m  [1mINSERT INTO "users" ("name", "email", "password_digest", "created_at", "updated_at") VALUES (?, ?, ?, ?, ?)[0m  [["name", "Will"], ["email", "will@will.com"], ["password_digest", "$2a$10$jVGXTP5QNmvo1Da1YC5wbeUhbfePhM/zt68Su6esdgvBGRD3LOLHu"], ["created_at", "2014-12-15 06:32:01.466867"], ["updated_at", "2014-12-15 06:32:01.466867"]]
  [1m[35m (0.8ms)[0m  commit transaction
Redirected to http://localhost:3000/users/3
Completed 302 Found in 66ms (ActiveRecord: 1.8ms)


Started GET "/users/3" for ::1 at 2014-12-14 22:32:01 -0800
Processing by UsersController#show as HTML
  Parameters: {"id"=>"3"}
  [1m[36mUser Load (0.3ms)[0m  [1mSELECT  "users".* FROM "users" WHERE "users"."id" = ? LIMIT 1[0m  [["id", 3]]
  Rendered users/show.html.erb within layouts/application (0.7ms)
  Rendered layouts/_shim.html.erb (0.0ms)
  [1m[35mUser Load (0.1ms)[0m  SELECT  "users".* FROM "users" WHERE "users"."id" = ? LIMIT 1  [["id", 3]]
  Rendered layouts/_header.html.erb (1.1ms)
  Rendered layouts/_footer.html.erb (0.3ms)
Completed 200 OK in 137ms (Views: 135.4ms | ActiveRecord: 0.4ms)


Started GET "/assets/custom.css?body=1" for ::1 at 2014-12-14 22:32:01 -0800


Started GET "/assets/scaffolds.css?body=1" for ::1 at 2014-12-14 22:32:01 -0800


Started GET "/assets/sessions.css?body=1" for ::1 at 2014-12-14 22:32:01 -0800


Started GET "/assets/application.css?body=1" for ::1 at 2014-12-14 22:32:01 -0800


Started GET "/assets/users.css?body=1" for ::1 at 2014-12-14 22:32:01 -0800


Started GET "/assets/static_pages.css?body=1" for ::1 at 2014-12-14 22:32:01 -0800


Started GET "/assets/jquery_ujs.js?body=1" for ::1 at 2014-12-14 22:32:01 -0800


Started GET "/assets/bootstrap.js?body=1" for ::1 at 2014-12-14 22:32:01 -0800


Started GET "/assets/jquery.js?body=1" for ::1 at 2014-12-14 22:32:01 -0800


Started GET "/assets/turbolinks.js?body=1" for ::1 at 2014-12-14 22:32:01 -0800


Started GET "/assets/sessions.js?body=1" for ::1 at 2014-12-14 22:32:01 -0800


Started GET "/assets/static_pages.js?body=1" for ::1 at 2014-12-14 22:32:01 -0800


Started GET "/assets/users.js?body=1" for ::1 at 2014-12-14 22:32:01 -0800


Started GET "/assets/application.js?body=1" for ::1 at 2014-12-14 22:32:01 -0800
